Using pre-set license
Built from '2022.3/release' branch; Version is '2022.3.5f1 (9674261d40ee) revision 9860134'; Using compiler version '192829333'; Build Type 'Release'
OS: 'Windows 11  (10.0.22621) 64bit Core' Language: 'ja' Physical Memory: 16197 MB
BatchMode: 1, IsHumanControllingUs: 0, StartBugReporterOnCrash: 0, Is64bit: 1, IsPro: 1

COMMAND LINE ARGUMENTS:
C:\Program Files\Unity\Hub\Editor\2022.3.5f1-x86_64\Editor\Unity.exe
-adb2
-batchMode
-noUpm
-name
AssetImportWorker4
-projectPath
C:/Users/PC_User/Desktop/Unity/BBQ
-logFile
Logs/AssetImportWorker4.log
-srvPort
54901
Successfully changed project path to: C:/Users/PC_User/Desktop/Unity/BBQ
C:/Users/PC_User/Desktop/Unity/BBQ
[UnityMemory] Configuration Parameters - Can be set up in boot.config
    "memorysetup-bucket-allocator-granularity=16"
    "memorysetup-bucket-allocator-bucket-count=8"
    "memorysetup-bucket-allocator-block-size=33554432"
    "memorysetup-bucket-allocator-block-count=8"
    "memorysetup-main-allocator-block-size=16777216"
    "memorysetup-thread-allocator-block-size=16777216"
    "memorysetup-gfx-main-allocator-block-size=16777216"
    "memorysetup-gfx-thread-allocator-block-size=16777216"
    "memorysetup-cache-allocator-block-size=4194304"
    "memorysetup-typetree-allocator-block-size=2097152"
    "memorysetup-profiler-bucket-allocator-granularity=16"
    "memorysetup-profiler-bucket-allocator-bucket-count=8"
    "memorysetup-profiler-bucket-allocator-block-size=33554432"
    "memorysetup-profiler-bucket-allocator-block-count=8"
    "memorysetup-profiler-allocator-block-size=16777216"
    "memorysetup-profiler-editor-allocator-block-size=1048576"
    "memorysetup-temp-allocator-size-main=16777216"
    "memorysetup-job-temp-allocator-block-size=2097152"
    "memorysetup-job-temp-allocator-block-size-background=1048576"
    "memorysetup-job-temp-allocator-reduction-small-platforms=262144"
    "memorysetup-allocator-temp-initial-block-size-main=262144"
    "memorysetup-allocator-temp-initial-block-size-worker=262144"
    "memorysetup-temp-allocator-size-background-worker=32768"
    "memorysetup-temp-allocator-size-job-worker=262144"
    "memorysetup-temp-allocator-size-preload-manager=33554432"
    "memorysetup-temp-allocator-size-nav-mesh-worker=65536"
    "memorysetup-temp-allocator-size-audio-worker=65536"
    "memorysetup-temp-allocator-size-cloud-worker=32768"
    "memorysetup-temp-allocator-size-gi-baking-worker=262144"
    "memorysetup-temp-allocator-size-gfx=262144"
Player connection [67116] Host "[IP] 192.168.10.111 [Port] 0 [Flags] 2 [Guid] 2293047566 [EditorId] 2293047566 [Version] 1048832 [Id] WindowsEditor(7,DESKTOP-3BV50CP) [Debug] 1 [PackageName] WindowsEditor [ProjectName] Editor" joined multi-casting on [225.0.0.222:54997]...

Player connection [67116] Host "[IP] 192.168.10.111 [Port] 0 [Flags] 2 [Guid] 2293047566 [EditorId] 2293047566 [Version] 1048832 [Id] WindowsEditor(7,DESKTOP-3BV50CP) [Debug] 1 [PackageName] WindowsEditor [ProjectName] Editor" joined alternative multi-casting on [225.0.0.222:34997]...

Refreshing native plugins compatible for Editor in 11.44 ms, found 4 plugins.
Preloading 0 native plugins for Editor in 0.00 ms.
Initialize engine version: 2022.3.5f1 (9674261d40ee)
[Subsystems] Discovering subsystems at path C:/Program Files/Unity/Hub/Editor/2022.3.5f1-x86_64/Editor/Data/Resources/UnitySubsystems
[Subsystems] Discovering subsystems at path C:/Users/PC_User/Desktop/Unity/BBQ/Assets
GfxDevice: creating device client; threaded=0; jobified=0
Direct3D:
    Version:  Direct3D 11.0 [level 11.1]
    Renderer: NVIDIA GeForce RTX 3060 Ti (ID=0x24c9)
    Vendor:   NVIDIA
    VRAM:     8038 MB
    Driver:   31.0.15.2824
Initialize mono
Mono path[0] = 'C:/Program Files/Unity/Hub/Editor/2022.3.5f1-x86_64/Editor/Data/Managed'
Mono path[1] = 'C:/Program Files/Unity/Hub/Editor/2022.3.5f1-x86_64/Editor/Data/MonoBleedingEdge/lib/mono/unityjit-win32'
Mono config path = 'C:/Program Files/Unity/Hub/Editor/2022.3.5f1-x86_64/Editor/Data/MonoBleedingEdge/etc'
Using monoOptions --debugger-agent=transport=dt_socket,embedding=1,server=y,suspend=n,address=127.0.0.1:56244
Begin MonoManager ReloadAssembly
Registering precompiled unity dll's ...
Register platform support module: C:/Program Files/Unity/Hub/Editor/2022.3.5f1-x86_64/Editor/Data/PlaybackEngines/WindowsStandaloneSupport/UnityEditor.WindowsStandalone.Extensions.dll
Registered in 0.006140 seconds.
- Loaded All Assemblies, in  0.258 seconds
Native extension for WindowsStandalone target not found
Mono: successfully reloaded assembly
- Finished resetting the current domain, in  0.205 seconds
Domain Reload Profiling: 462ms
	BeginReloadAssembly (67ms)
		ExecutionOrderSort (0ms)
		DisableScriptedObjects (0ms)
		BackupInstance (0ms)
		ReleaseScriptingObjects (0ms)
		CreateAndSetChildDomain (1ms)
	RebuildCommonClasses (25ms)
	RebuildNativeTypeToScriptingClass (8ms)
	initialDomainReloadingComplete (49ms)
	LoadAllAssembliesAndSetupDomain (107ms)
		LoadAssemblies (65ms)
		RebuildTransferFunctionScriptingTraits (0ms)
		AnalyzeDomain (101ms)
			TypeCache.Refresh (100ms)
				TypeCache.ScanAssembly (91ms)
			ScanForSourceGeneratedMonoScriptInfo (0ms)
			ResolveRequiredComponents (0ms)
	FinalizeReload (205ms)
		ReleaseScriptCaches (0ms)
		RebuildScriptCaches (0ms)
		SetupLoadedEditorAssemblies (161ms)
			LogAssemblyErrors (0ms)
			InitializePlatformSupportModulesInManaged (7ms)
			SetLoadedEditorAssemblies (6ms)
			RefreshPlugins (0ms)
			BeforeProcessingInitializeOnLoad (2ms)
			ProcessInitializeOnLoadAttributes (108ms)
			ProcessInitializeOnLoadMethodAttributes (38ms)
			AfterProcessingInitializeOnLoad (0ms)
			EditorAssembliesLoaded (0ms)
		ExecutionOrderSort2 (0ms)
		AwakeInstancesAfterBackupRestoration (0ms)
========================================================================
Worker process is ready to serve import requests
Begin MonoManager ReloadAssembly
Symbol file LoadedFromMemory doesn't match image C:\Users\PC_User\Desktop\Unity\BBQ\Library\PackageCache\com.unity.visualscripting@1.8.0\Editor\VisualScripting.Core\Dependencies\YamlDotNet\Unity.VisualScripting.YamlDotNet.dll
Symbol file LoadedFromMemory doesn't match image C:\Users\PC_User\Desktop\Unity\BBQ\Library\PackageCache\com.unity.visualscripting@1.8.0\Editor\VisualScripting.Core\Dependencies\DotNetZip\Unity.VisualScripting.IonicZip.dll
- Loaded All Assemblies, in  0.718 seconds
Refreshing native plugins compatible for Editor in 4.39 ms, found 4 plugins.
Native extension for WindowsStandalone target not found
Mono: successfully reloaded assembly
- Finished resetting the current domain, in  0.518 seconds
Domain Reload Profiling: 1232ms
	BeginReloadAssembly (112ms)
		ExecutionOrderSort (0ms)
		DisableScriptedObjects (4ms)
		BackupInstance (0ms)
		ReleaseScriptingObjects (0ms)
		CreateAndSetChildDomain (17ms)
	RebuildCommonClasses (26ms)
	RebuildNativeTypeToScriptingClass (8ms)
	initialDomainReloadingComplete (39ms)
	LoadAllAssembliesAndSetupDomain (529ms)
		LoadAssemblies (288ms)
		RebuildTransferFunctionScriptingTraits (0ms)
		AnalyzeDomain (295ms)
			TypeCache.Refresh (262ms)
				TypeCache.ScanAssembly (252ms)
			ScanForSourceGeneratedMonoScriptInfo (24ms)
			ResolveRequiredComponents (9ms)
	FinalizeReload (518ms)
		ReleaseScriptCaches (0ms)
		RebuildScriptCaches (0ms)
		SetupLoadedEditorAssemblies (386ms)
			LogAssemblyErrors (0ms)
			InitializePlatformSupportModulesInManaged (5ms)
			SetLoadedEditorAssemblies (4ms)
			RefreshPlugins (0ms)
			BeforeProcessingInitializeOnLoad (70ms)
			ProcessInitializeOnLoadAttributes (226ms)
			ProcessInitializeOnLoadMethodAttributes (75ms)
			AfterProcessingInitializeOnLoad (6ms)
			EditorAssembliesLoaded (0ms)
		ExecutionOrderSort2 (0ms)
		AwakeInstancesAfterBackupRestoration (5ms)
Launched and connected shader compiler UnityShaderCompiler.exe after 0.06 seconds
Refreshing native plugins compatible for Editor in 6.20 ms, found 4 plugins.
Preloading 0 native plugins for Editor in 0.00 ms.
Unloading 5881 Unused Serialized files (Serialized files now loaded: 0)
Unloading 130 unused Assets / (3.4 MB). Loaded Objects now: 6312.
Memory consumption went from 221.2 MB to 217.8 MB.
Total: 4.222000 ms (FindLiveObjects: 0.323100 ms CreateObjectMapping: 0.125700 ms MarkObjects: 2.486300 ms  DeleteObjects: 1.286200 ms)

AssetImportParameters requested are different than current active one (requested -> active):
  custom:scripting/monoscript/fileName/HandCountView.cs: c30a42fab830b1ccf9c9e242d141269e -> e6f22a36db519545687f3c3d0853dfe7
  custom:container-demuxer-ogg: 62fdf1f143b41e24485cea50d1cbac27 -> 
  custom:video-codec-MediaFoundation-h265: 746d11721c4dcdbdad8f713fa42b33f4 -> 
  custom:video-decoder-ogg-theora: a1e56fd34408186e4bbccfd4996cb3dc -> 
  custom:framework-win-MediaFoundation: 216162199b28c13a410421893ffa2e32 -> 
  custom:CustomObjectIndexerAttribute: a3ef5dd2817f97addfee359851a9dba5 -> 
  custom:container-demuxer-webm: 4f35f7cbe854078d1ac9338744f61a02 -> 
  custom:container-muxer-webm: aa71ff27fc2769a1b78a27578f13a17b -> 
  custom:video-decoder-webm-vp8: 9c59270c3fd7afecdb556c50c9e8de78 -> 
  custom:AudioImporter_EditorPlatform: d09bf68614088b80899f8185d706f6e7 -> 
  custom:scripting/monoscript/fileName/CoinView.cs: df4d9ca4abaf95fcae4d522d2c59df5b -> eee65f5499e352a8b2ec55906d3e48ff
  custom:video-encoder-webm-vp8: eb34c28f22e8b96e1ab97ce403110664 -> 
  custom:audio-decoder-ogg-vorbis: bf7c407c2cedff20999df2af8eb42d56 -> 
  custom:scripting/monoscript/fileName/HandCount.cs: 5b7e4fb89c2f896b99bef51bf166d76f -> 5307b711da75aeca6d1a1103a0fcaff9
  custom:scripting/monoscript/fileName/FreezeEffect.cs: 194c11e7a64912a7e1945349cdd1a2db -> f3616f4fa86d1316bf21fb304f5bf1a3
  custom:audio-encoder-webm-vorbis: bf7c407c2cedff20999df2af8eb42d56 -> 
  custom:scripting/monoscript/fileName/Coin.cs: c52f57681c62402c1884046776543584 -> f5dcf6bc3f6cc23e0580c2172539a73d
========================================================================
Received Import Request.
  Time since last request: 2075036.500175 seconds.
  path: Assets/Database/Foods/tier2/ninjin.asset
  artifactKey: Guid(ae4b7bf95c4530c47bdc63b18f848080) Importer(815301076,1909f56bfc062723c751e8b465ee728b)
Start importing Assets/Database/Foods/tier2/ninjin.asset using Guid(ae4b7bf95c4530c47bdc63b18f848080) Importer(815301076,1909f56bfc062723c751e8b465ee728b)  -> (artifact id: '24f2c08742add2b9d071ae8203f6dab0') in 0.013940 seconds
Number of updated asset objects reloaded before import = 0
Number of asset objects unloaded after import = 2
========================================================================
Received Import Request.
  Time since last request: 1.304575 seconds.
  path: Assets/Database/Foods/tier3
  artifactKey: Guid(7be4b12c5e77f284f8d2b9278da210a4) Importer(815301076,1909f56bfc062723c751e8b465ee728b)
Start importing Assets/Database/Foods/tier3 using Guid(7be4b12c5e77f284f8d2b9278da210a4) Importer(815301076,1909f56bfc062723c751e8b465ee728b)  -> (artifact id: '20f2aa451863765780d8b6f29c64a204') in 0.000345 seconds
Number of updated asset objects reloaded before import = 0
Number of asset objects unloaded after import = 0
========================================================================
Received Import Request.
  Time since last request: 0.046273 seconds.
  path: Assets/Database/Foods/tier3/bebikon.asset
  artifactKey: Guid(4091da658df326b449571c305e99ba1e) Importer(815301076,1909f56bfc062723c751e8b465ee728b)
Start importing Assets/Database/Foods/tier3/bebikon.asset using Guid(4091da658df326b449571c305e99ba1e) Importer(815301076,1909f56bfc062723c751e8b465ee728b)  -> (artifact id: '2a8c391d862df327d698fc934113d86c') in 0.000911 seconds
Number of updated asset objects reloaded before import = 0
Number of asset objects unloaded after import = 2
========================================================================
Received Import Request.
  Time since last request: 0.017373 seconds.
  path: Assets/Database/Foods/tier3/retasu.asset
  artifactKey: Guid(51552c5fa1b7cbc42abea552c0b57e36) Importer(815301076,1909f56bfc062723c751e8b465ee728b)
Start importing Assets/Database/Foods/tier3/retasu.asset using Guid(51552c5fa1b7cbc42abea552c0b57e36) Importer(815301076,1909f56bfc062723c751e8b465ee728b)  -> (artifact id: '141587029417c0da44ff2cdbac21d369') in 0.013839 seconds
Number of updated asset objects reloaded before import = 0
Number of asset objects unloaded after import = 33
========================================================================
Received Import Request.
  Time since last request: 0.001593 seconds.
  path: Assets/Database/Foods/tier3/winna.asset
  artifactKey: Guid(8615b74b54086cd42992e2709092f61d) Importer(815301076,1909f56bfc062723c751e8b465ee728b)
Start importing Assets/Database/Foods/tier3/winna.asset using Guid(8615b74b54086cd42992e2709092f61d) Importer(815301076,1909f56bfc062723c751e8b465ee728b)  -> (artifact id: '664fcbb2fee35091dc169449e8953561') in 0.000956 seconds
Number of updated asset objects reloaded before import = 0
Number of asset objects unloaded after import = 2
========================================================================
Received Import Request.
  Time since last request: 0.022073 seconds.
  path: Assets/Database/Foods/tier3/zukini.asset
  artifactKey: Guid(08ff69162d788c24187764cd8efc13df) Importer(815301076,1909f56bfc062723c751e8b465ee728b)
Start importing Assets/Database/Foods/tier3/zukini.asset using Guid(08ff69162d788c24187764cd8efc13df) Importer(815301076,1909f56bfc062723c751e8b465ee728b)  -> (artifact id: 'f0b6a1bcc2557a366ed1bb41c4647fa3') in 0.000944 seconds
Number of updated asset objects reloaded before import = 0
Number of asset objects unloaded after import = 2
========================================================================
Received Import Request.
  Time since last request: 11.450966 seconds.
  path: Assets/Database/Foods/tier3/zukini.asset
  artifactKey: Guid(08ff69162d788c24187764cd8efc13df) Importer(815301076,1909f56bfc062723c751e8b465ee728b)
Start importing Assets/Database/Foods/tier3/zukini.asset using Guid(08ff69162d788c24187764cd8efc13df) Importer(815301076,1909f56bfc062723c751e8b465ee728b)  -> (artifact id: '35c7ec81a5c7834c587ef9e120082682') in 0.003543 seconds
Number of updated asset objects reloaded before import = 0
Number of asset objects unloaded after import = 2
========================================================================
Received Import Request.
  Time since last request: 1466.352459 seconds.
  path: Assets/Database/Foods/tier5
  artifactKey: Guid(6ccc20acfe974274bb0329b718e07a08) Importer(815301076,1909f56bfc062723c751e8b465ee728b)
Start importing Assets/Database/Foods/tier5 using Guid(6ccc20acfe974274bb0329b718e07a08) Importer(815301076,1909f56bfc062723c751e8b465ee728b)  -> (artifact id: 'c29707f44437c3b7ad262dc5fc3be35b') in 0.000582 seconds
Number of updated asset objects reloaded before import = 0
Number of asset objects unloaded after import = 0
========================================================================
Received Import Request.
  Time since last request: 0.046566 seconds.
  path: Assets/Database/Foods/tier5/asupara.asset
  artifactKey: Guid(6f5609eded7a2b24882e3245d3a99f4f) Importer(815301076,1909f56bfc062723c751e8b465ee728b)
Start importing Assets/Database/Foods/tier5/asupara.asset using Guid(6f5609eded7a2b24882e3245d3a99f4f) Importer(815301076,1909f56bfc062723c751e8b465ee728b)  -> (artifact id: '870d65ca99f4a6cd521f14538a9cf093') in 0.017295 seconds
Number of updated asset objects reloaded before import = 0
Number of asset objects unloaded after import = 2
========================================================================
Received Import Request.
  Time since last request: 0.030814 seconds.
  path: Assets/Database/Foods/tier5/jagabata.asset
  artifactKey: Guid(52666a895fea639418df6a989f31ab8b) Importer(815301076,1909f56bfc062723c751e8b465ee728b)
Start importing Assets/Database/Foods/tier5/jagabata.asset using Guid(52666a895fea639418df6a989f31ab8b) Importer(815301076,1909f56bfc062723c751e8b465ee728b)  -> (artifact id: 'b023fba3fe0ffc559cae578c3a0615ff') in 0.005687 seconds
Number of updated asset objects reloaded before import = 0
Number of asset objects unloaded after import = 2
========================================================================
Received Import Request.
  Time since last request: 0.000011 seconds.
  path: Assets/Database/Foods/tier5/masyumaro.asset
  artifactKey: Guid(020e5440cf7082e45834d66a43ae1c8b) Importer(815301076,1909f56bfc062723c751e8b465ee728b)
Start importing Assets/Database/Foods/tier5/masyumaro.asset using Guid(020e5440cf7082e45834d66a43ae1c8b) Importer(815301076,1909f56bfc062723c751e8b465ee728b)  -> (artifact id: 'bcc3697f5c340d8c330bfc6256628ca6') in 0.001896 seconds
Number of updated asset objects reloaded before import = 0
Number of asset objects unloaded after import = 2
========================================================================
Received Import Request.
  Time since last request: 0.002049 seconds.
  path: Assets/Database/Foods/tier5/meron.asset
  artifactKey: Guid(93b5cbc9a5a43e34d96f3b12773fa84f) Importer(815301076,1909f56bfc062723c751e8b465ee728b)
Start importing Assets/Database/Foods/tier5/meron.asset using Guid(93b5cbc9a5a43e34d96f3b12773fa84f) Importer(815301076,1909f56bfc062723c751e8b465ee728b)  -> (artifact id: 'e1620705f22be44aabf0bdc4b4ff9d41') in 0.002914 seconds
Number of updated asset objects reloaded before import = 0
Number of asset objects unloaded after import = 2
========================================================================
Received Import Request.
  Time since last request: 0.011185 seconds.
  path: Assets/Database/Foods/tier5/orange.asset
  artifactKey: Guid(0442f474b7d8082439fbbe1c1a1c6911) Importer(815301076,1909f56bfc062723c751e8b465ee728b)
Start importing Assets/Database/Foods/tier5/orange.asset using Guid(0442f474b7d8082439fbbe1c1a1c6911) Importer(815301076,1909f56bfc062723c751e8b465ee728b)  -> (artifact id: '94a8669c77077953df913fa25e7b1e21') in 0.002689 seconds
Number of updated asset objects reloaded before import = 0
Number of asset objects unloaded after import = 2
========================================================================
Received Import Request.
  Time since last request: 0.004589 seconds.
  path: Assets/Database/Foods/tier5/pinattsu.asset
  artifactKey: Guid(18a625005ad34c844bfbff23b5f60742) Importer(815301076,1909f56bfc062723c751e8b465ee728b)
Start importing Assets/Database/Foods/tier5/pinattsu.asset using Guid(18a625005ad34c844bfbff23b5f60742) Importer(815301076,1909f56bfc062723c751e8b465ee728b)  -> (artifact id: 'c8ca00d9fb33621bedcf0579f713142b') in 0.002542 seconds
Number of updated asset objects reloaded before import = 0
Number of asset objects unloaded after import = 2
Editor requested this worker to shutdown with reason: Scaling down because of idle timeout
TcpMessagingSession - receive error: operation aborted. errorcode: 995, details: スレッドの終了またはアプリケーションの要求によって、I/O 処理は中止されました。
AssetImportWorker is now disconnected from the server
Process exiting
Exiting without the bug reporter. Application will terminate with return code 0