Using pre-set license
Built from '2022.3/release' branch; Version is '2022.3.5f1 (9674261d40ee) revision 9860134'; Using compiler version '192829333'; Build Type 'Release'
OS: 'Windows 11  (10.0.22621) 64bit Core' Language: 'ja' Physical Memory: 16197 MB
BatchMode: 1, IsHumanControllingUs: 0, StartBugReporterOnCrash: 0, Is64bit: 1, IsPro: 1

COMMAND LINE ARGUMENTS:
C:\Program Files\Unity\Hub\Editor\2022.3.5f1-x86_64\Editor\Unity.exe
-adb2
-batchMode
-noUpm
-name
AssetImportWorker15
-projectPath
C:/Users/PC_User/Desktop/Unity/BBQ
-logFile
Logs/AssetImportWorker15.log
-srvPort
54901
Successfully changed project path to: C:/Users/PC_User/Desktop/Unity/BBQ
C:/Users/PC_User/Desktop/Unity/BBQ
[UnityMemory] Configuration Parameters - Can be set up in boot.config
    "memorysetup-bucket-allocator-granularity=16"
    "memorysetup-bucket-allocator-bucket-count=8"
    "memorysetup-bucket-allocator-block-size=33554432"
    "memorysetup-bucket-allocator-block-count=8"
    "memorysetup-main-allocator-block-size=16777216"
    "memorysetup-thread-allocator-block-size=16777216"
    "memorysetup-gfx-main-allocator-block-size=16777216"
    "memorysetup-gfx-thread-allocator-block-size=16777216"
    "memorysetup-cache-allocator-block-size=4194304"
    "memorysetup-typetree-allocator-block-size=2097152"
    "memorysetup-profiler-bucket-allocator-granularity=16"
    "memorysetup-profiler-bucket-allocator-bucket-count=8"
    "memorysetup-profiler-bucket-allocator-block-size=33554432"
    "memorysetup-profiler-bucket-allocator-block-count=8"
    "memorysetup-profiler-allocator-block-size=16777216"
    "memorysetup-profiler-editor-allocator-block-size=1048576"
    "memorysetup-temp-allocator-size-main=16777216"
    "memorysetup-job-temp-allocator-block-size=2097152"
    "memorysetup-job-temp-allocator-block-size-background=1048576"
    "memorysetup-job-temp-allocator-reduction-small-platforms=262144"
    "memorysetup-allocator-temp-initial-block-size-main=262144"
    "memorysetup-allocator-temp-initial-block-size-worker=262144"
    "memorysetup-temp-allocator-size-background-worker=32768"
    "memorysetup-temp-allocator-size-job-worker=262144"
    "memorysetup-temp-allocator-size-preload-manager=33554432"
    "memorysetup-temp-allocator-size-nav-mesh-worker=65536"
    "memorysetup-temp-allocator-size-audio-worker=65536"
    "memorysetup-temp-allocator-size-cloud-worker=32768"
    "memorysetup-temp-allocator-size-gi-baking-worker=262144"
    "memorysetup-temp-allocator-size-gfx=262144"
Player connection [2560] Host "[IP] 192.168.10.111 [Port] 0 [Flags] 2 [Guid] 1137416747 [EditorId] 1137416747 [Version] 1048832 [Id] WindowsEditor(7,DESKTOP-3BV50CP) [Debug] 1 [PackageName] WindowsEditor [ProjectName] Editor" joined multi-casting on [225.0.0.222:54997]...

Player connection [2560] Host "[IP] 192.168.10.111 [Port] 0 [Flags] 2 [Guid] 1137416747 [EditorId] 1137416747 [Version] 1048832 [Id] WindowsEditor(7,DESKTOP-3BV50CP) [Debug] 1 [PackageName] WindowsEditor [ProjectName] Editor" joined alternative multi-casting on [225.0.0.222:34997]...

Refreshing native plugins compatible for Editor in 8.24 ms, found 4 plugins.
Preloading 0 native plugins for Editor in 0.00 ms.
Initialize engine version: 2022.3.5f1 (9674261d40ee)
[Subsystems] Discovering subsystems at path C:/Program Files/Unity/Hub/Editor/2022.3.5f1-x86_64/Editor/Data/Resources/UnitySubsystems
[Subsystems] Discovering subsystems at path C:/Users/PC_User/Desktop/Unity/BBQ/Assets
GfxDevice: creating device client; threaded=0; jobified=0
Direct3D:
    Version:  Direct3D 11.0 [level 11.1]
    Renderer: NVIDIA GeForce RTX 3060 Ti (ID=0x24c9)
    Vendor:   NVIDIA
    VRAM:     8038 MB
    Driver:   31.0.15.2824
Initialize mono
Mono path[0] = 'C:/Program Files/Unity/Hub/Editor/2022.3.5f1-x86_64/Editor/Data/Managed'
Mono path[1] = 'C:/Program Files/Unity/Hub/Editor/2022.3.5f1-x86_64/Editor/Data/MonoBleedingEdge/lib/mono/unityjit-win32'
Mono config path = 'C:/Program Files/Unity/Hub/Editor/2022.3.5f1-x86_64/Editor/Data/MonoBleedingEdge/etc'
Using monoOptions --debugger-agent=transport=dt_socket,embedding=1,server=y,suspend=n,address=127.0.0.1:56044
Begin MonoManager ReloadAssembly
Registering precompiled unity dll's ...
Register platform support module: C:/Program Files/Unity/Hub/Editor/2022.3.5f1-x86_64/Editor/Data/PlaybackEngines/WindowsStandaloneSupport/UnityEditor.WindowsStandalone.Extensions.dll
Registered in 0.004333 seconds.
- Loaded All Assemblies, in  0.224 seconds
Native extension for WindowsStandalone target not found
Mono: successfully reloaded assembly
- Finished resetting the current domain, in  0.162 seconds
Domain Reload Profiling: 385ms
	BeginReloadAssembly (59ms)
		ExecutionOrderSort (0ms)
		DisableScriptedObjects (0ms)
		BackupInstance (0ms)
		ReleaseScriptingObjects (0ms)
		CreateAndSetChildDomain (1ms)
	RebuildCommonClasses (30ms)
	RebuildNativeTypeToScriptingClass (7ms)
	initialDomainReloadingComplete (36ms)
	LoadAllAssembliesAndSetupDomain (91ms)
		LoadAssemblies (56ms)
		RebuildTransferFunctionScriptingTraits (0ms)
		AnalyzeDomain (87ms)
			TypeCache.Refresh (86ms)
				TypeCache.ScanAssembly (79ms)
			ScanForSourceGeneratedMonoScriptInfo (0ms)
			ResolveRequiredComponents (0ms)
	FinalizeReload (162ms)
		ReleaseScriptCaches (0ms)
		RebuildScriptCaches (0ms)
		SetupLoadedEditorAssemblies (128ms)
			LogAssemblyErrors (0ms)
			InitializePlatformSupportModulesInManaged (5ms)
			SetLoadedEditorAssemblies (4ms)
			RefreshPlugins (0ms)
			BeforeProcessingInitializeOnLoad (1ms)
			ProcessInitializeOnLoadAttributes (86ms)
			ProcessInitializeOnLoadMethodAttributes (31ms)
			AfterProcessingInitializeOnLoad (0ms)
			EditorAssembliesLoaded (0ms)
		ExecutionOrderSort2 (0ms)
		AwakeInstancesAfterBackupRestoration (0ms)
========================================================================
Worker process is ready to serve import requests
Begin MonoManager ReloadAssembly
Symbol file LoadedFromMemory doesn't match image C:\Users\PC_User\Desktop\Unity\BBQ\Library\PackageCache\com.unity.visualscripting@1.8.0\Editor\VisualScripting.Core\Dependencies\YamlDotNet\Unity.VisualScripting.YamlDotNet.dll
Symbol file LoadedFromMemory doesn't match image C:\Users\PC_User\Desktop\Unity\BBQ\Library\PackageCache\com.unity.visualscripting@1.8.0\Editor\VisualScripting.Core\Dependencies\DotNetZip\Unity.VisualScripting.IonicZip.dll
- Loaded All Assemblies, in  1.138 seconds
Refreshing native plugins compatible for Editor in 3.96 ms, found 4 plugins.
Native extension for WindowsStandalone target not found
Mono: successfully reloaded assembly
- Finished resetting the current domain, in  0.472 seconds
Domain Reload Profiling: 1605ms
	BeginReloadAssembly (114ms)
		ExecutionOrderSort (0ms)
		DisableScriptedObjects (5ms)
		BackupInstance (0ms)
		ReleaseScriptingObjects (0ms)
		CreateAndSetChildDomain (17ms)
	RebuildCommonClasses (19ms)
	RebuildNativeTypeToScriptingClass (6ms)
	initialDomainReloadingComplete (40ms)
	LoadAllAssembliesAndSetupDomain (952ms)
		LoadAssemblies (714ms)
		RebuildTransferFunctionScriptingTraits (0ms)
		AnalyzeDomain (298ms)
			TypeCache.Refresh (259ms)
				TypeCache.ScanAssembly (247ms)
			ScanForSourceGeneratedMonoScriptInfo (31ms)
			ResolveRequiredComponents (8ms)
	FinalizeReload (473ms)
		ReleaseScriptCaches (0ms)
		RebuildScriptCaches (0ms)
		SetupLoadedEditorAssemblies (356ms)
			LogAssemblyErrors (0ms)
			InitializePlatformSupportModulesInManaged (3ms)
			SetLoadedEditorAssemblies (4ms)
			RefreshPlugins (0ms)
			BeforeProcessingInitializeOnLoad (65ms)
			ProcessInitializeOnLoadAttributes (201ms)
			ProcessInitializeOnLoadMethodAttributes (75ms)
			AfterProcessingInitializeOnLoad (8ms)
			EditorAssembliesLoaded (0ms)
		ExecutionOrderSort2 (0ms)
		AwakeInstancesAfterBackupRestoration (5ms)
Launched and connected shader compiler UnityShaderCompiler.exe after 0.12 seconds
Refreshing native plugins compatible for Editor in 11.04 ms, found 4 plugins.
Preloading 0 native plugins for Editor in 0.00 ms.
Unloading 5883 Unused Serialized files (Serialized files now loaded: 0)
Unloading 130 unused Assets / (3.3 MB). Loaded Objects now: 6314.
Memory consumption went from 221.7 MB to 218.4 MB.
Total: 5.303000 ms (FindLiveObjects: 0.534700 ms CreateObjectMapping: 0.102400 ms MarkObjects: 3.657200 ms  DeleteObjects: 1.005800 ms)

AssetImportParameters requested are different than current active one (requested -> active):
  custom:scripting/monoscript/fileName/HandCountView.cs: c30a42fab830b1ccf9c9e242d141269e -> e6f22a36db519545687f3c3d0853dfe7
  custom:container-demuxer-ogg: 62fdf1f143b41e24485cea50d1cbac27 -> 
  custom:video-codec-MediaFoundation-h265: 746d11721c4dcdbdad8f713fa42b33f4 -> 
  custom:video-decoder-ogg-theora: a1e56fd34408186e4bbccfd4996cb3dc -> 
  custom:framework-win-MediaFoundation: 216162199b28c13a410421893ffa2e32 -> 
  custom:CustomObjectIndexerAttribute: a3ef5dd2817f97addfee359851a9dba5 -> 
  custom:container-demuxer-webm: 4f35f7cbe854078d1ac9338744f61a02 -> 
  custom:container-muxer-webm: aa71ff27fc2769a1b78a27578f13a17b -> 
  custom:video-decoder-webm-vp8: 9c59270c3fd7afecdb556c50c9e8de78 -> 
  custom:AudioImporter_EditorPlatform: d09bf68614088b80899f8185d706f6e7 -> 
  custom:scripting/monoscript/fileName/CoinView.cs: df4d9ca4abaf95fcae4d522d2c59df5b -> eee65f5499e352a8b2ec55906d3e48ff
  custom:video-encoder-webm-vp8: eb34c28f22e8b96e1ab97ce403110664 -> 
  custom:audio-decoder-ogg-vorbis: bf7c407c2cedff20999df2af8eb42d56 -> 
  custom:scripting/monoscript/fileName/HandCount.cs: 5b7e4fb89c2f896b99bef51bf166d76f -> 5307b711da75aeca6d1a1103a0fcaff9
  custom:scripting/monoscript/fileName/FreezeEffect.cs: 194c11e7a64912a7e1945349cdd1a2db -> f3616f4fa86d1316bf21fb304f5bf1a3
  custom:audio-encoder-webm-vorbis: bf7c407c2cedff20999df2af8eb42d56 -> 
  custom:scripting/monoscript/fileName/Coin.cs: c52f57681c62402c1884046776543584 -> f5dcf6bc3f6cc23e0580c2172539a73d
========================================================================
Received Import Request.
  Time since last request: 2155553.615910 seconds.
  path: Assets/StaticData/Actions/SetEphemeral.asset
  artifactKey: Guid(f60150f2fad6fb744a7ad4cf9baf5272) Importer(815301076,1909f56bfc062723c751e8b465ee728b)
Start importing Assets/StaticData/Actions/SetEphemeral.asset using Guid(f60150f2fad6fb744a7ad4cf9baf5272) Importer(815301076,1909f56bfc062723c751e8b465ee728b)  -> (artifact id: '31cd324736fd50f4d67118d52627a236') in 0.009888 seconds
Number of updated asset objects reloaded before import = 0
Number of asset objects unloaded after import = 1
========================================================================
Received Import Request.
  Time since last request: 13.291921 seconds.
  path: Assets/StaticData/Actions/AddEffect.asset
  artifactKey: Guid(8d9df80954a3c5440a46e451cbac5c6b) Importer(815301076,1909f56bfc062723c751e8b465ee728b)
Start importing Assets/StaticData/Actions/AddEffect.asset using Guid(8d9df80954a3c5440a46e451cbac5c6b) Importer(815301076,1909f56bfc062723c751e8b465ee728b)  -> (artifact id: '9970b24993c7ad9005b94024cc7a41f4') in 0.020496 seconds
Number of updated asset objects reloaded before import = 0
Number of asset objects unloaded after import = 24
========================================================================
Received Import Request.
  Time since last request: 9.494048 seconds.
  path: Assets/Database/Effects
  artifactKey: Guid(480655b7aa77c484981b76e76703da39) Importer(815301076,1909f56bfc062723c751e8b465ee728b)
Start importing Assets/Database/Effects using Guid(480655b7aa77c484981b76e76703da39) Importer(815301076,1909f56bfc062723c751e8b465ee728b)  -> (artifact id: 'dcf27218db03082945c995957f3a7b29') in 0.000374 seconds
Number of updated asset objects reloaded before import = 0
Number of asset objects unloaded after import = 0
========================================================================
Received Import Request.
  Time since last request: 0.041042 seconds.
  path: Assets/Database/Effects/Bitter.asset
  artifactKey: Guid(7a6dd23d5ba00af4f91e048544de6147) Importer(815301076,1909f56bfc062723c751e8b465ee728b)
Start importing Assets/Database/Effects/Bitter.asset using Guid(7a6dd23d5ba00af4f91e048544de6147) Importer(815301076,1909f56bfc062723c751e8b465ee728b)  -> (artifact id: 'ef3382a2cfc0fbff05252edcfc65845d') in 0.006708 seconds
Number of updated asset objects reloaded before import = 0
Number of asset objects unloaded after import = 22
========================================================================
Received Import Request.
  Time since last request: 10.632556 seconds.
  path: Assets/Database/Effects/Ephemerarl.asset
  artifactKey: Guid(ae6fb76250a5ba54680ef995f7851d51) Importer(815301076,1909f56bfc062723c751e8b465ee728b)
Start importing Assets/Database/Effects/Ephemerarl.asset using Guid(ae6fb76250a5ba54680ef995f7851d51) Importer(815301076,1909f56bfc062723c751e8b465ee728b)  -> (artifact id: '45bcd9d18b95a6f8d5cf3bf461026117') in 0.001014 seconds
Number of updated asset objects reloaded before import = 0
Number of asset objects unloaded after import = 1
========================================================================
Received Import Request.
  Time since last request: 3.764951 seconds.
  path: Assets/Database/Effects/Ephemeral.asset
  artifactKey: Guid(ae6fb76250a5ba54680ef995f7851d51) Importer(815301076,1909f56bfc062723c751e8b465ee728b)
Start importing Assets/Database/Effects/Ephemeral.asset using Guid(ae6fb76250a5ba54680ef995f7851d51) Importer(815301076,1909f56bfc062723c751e8b465ee728b)  -> (artifact id: 'd4190f1e81d73747308f5fc7eecfd404') in 0.003296 seconds
Number of updated asset objects reloaded before import = 0
Number of asset objects unloaded after import = 1
========================================================================
Received Import Request.
  Time since last request: 19.752170 seconds.
  path: Assets/Database/Effects/Ephemeral.asset
  artifactKey: Guid(ae6fb76250a5ba54680ef995f7851d51) Importer(815301076,1909f56bfc062723c751e8b465ee728b)
Start importing Assets/Database/Effects/Ephemeral.asset using Guid(ae6fb76250a5ba54680ef995f7851d51) Importer(815301076,1909f56bfc062723c751e8b465ee728b)  -> (artifact id: 'cc2fbcce3a756e18e9cea541d9aa4d2e') in 0.004594 seconds
Number of updated asset objects reloaded before import = 0
Number of asset objects unloaded after import = 2
========================================================================
Received Import Request.
  Time since last request: 49.329846 seconds.
  path: Assets/Database/Effects/Ephemeral.asset
  artifactKey: Guid(ae6fb76250a5ba54680ef995f7851d51) Importer(815301076,1909f56bfc062723c751e8b465ee728b)
Start importing Assets/Database/Effects/Ephemeral.asset using Guid(ae6fb76250a5ba54680ef995f7851d51) Importer(815301076,1909f56bfc062723c751e8b465ee728b)  -> (artifact id: '06b4f2b281b7389090abf129620d259d') in 0.007203 seconds
Number of updated asset objects reloaded before import = 0
Number of asset objects unloaded after import = 2
========================================================================
Received Import Request.
  Time since last request: 10.447907 seconds.
  path: Assets/Database/Effects/Ephemeral.asset
  artifactKey: Guid(ae6fb76250a5ba54680ef995f7851d51) Importer(815301076,1909f56bfc062723c751e8b465ee728b)
Start importing Assets/Database/Effects/Ephemeral.asset using Guid(ae6fb76250a5ba54680ef995f7851d51) Importer(815301076,1909f56bfc062723c751e8b465ee728b)  -> (artifact id: 'b7b386613b23f4ab03eee46069cba510') in 0.002574 seconds
Number of updated asset objects reloaded before import = 0
Number of asset objects unloaded after import = 2
========================================================================
Received Import Request.
  Time since last request: 62.016793 seconds.
  path: Assets/Database/Effects/Ephemeral.asset
  artifactKey: Guid(ae6fb76250a5ba54680ef995f7851d51) Importer(815301076,1909f56bfc062723c751e8b465ee728b)
Start importing Assets/Database/Effects/Ephemeral.asset using Guid(ae6fb76250a5ba54680ef995f7851d51) Importer(815301076,1909f56bfc062723c751e8b465ee728b)  -> (artifact id: 'ce58532ca26fb3998c19233da4310ac7') in 0.003882 seconds
Number of updated asset objects reloaded before import = 0
Number of asset objects unloaded after import = 4
========================================================================
Received Import Request.
  Time since last request: 19.963177 seconds.
  path: Assets/Database/Effects/Ephemeral.asset
  artifactKey: Guid(ae6fb76250a5ba54680ef995f7851d51) Importer(815301076,1909f56bfc062723c751e8b465ee728b)
Start importing Assets/Database/Effects/Ephemeral.asset using Guid(ae6fb76250a5ba54680ef995f7851d51) Importer(815301076,1909f56bfc062723c751e8b465ee728b)  -> (artifact id: 'fd5be7b20a8c51eeb4f35128ddf2eb4f') in 0.002973 seconds
Number of updated asset objects reloaded before import = 0
Number of asset objects unloaded after import = 4
========================================================================
Received Import Request.
  Time since last request: 7.891057 seconds.
  path: Assets/StaticData/Coin
  artifactKey: Guid(f33acde552e6ac24683c51b06bb24ba2) Importer(815301076,1909f56bfc062723c751e8b465ee728b)
Start importing Assets/StaticData/Coin using Guid(f33acde552e6ac24683c51b06bb24ba2) Importer(815301076,1909f56bfc062723c751e8b465ee728b)  -> (artifact id: '629a650f6f3e06a1e4ea0c6e7606fa5b') in 0.000420 seconds
Number of updated asset objects reloaded before import = 0
Number of asset objects unloaded after import = 0
========================================================================
Received Import Request.
  Time since last request: 6.256044 seconds.
  path: Assets/StaticData/Actions/AddEffect.asset
  artifactKey: Guid(8d9df80954a3c5440a46e451cbac5c6b) Importer(815301076,1909f56bfc062723c751e8b465ee728b)
Start importing Assets/StaticData/Actions/AddEffect.asset using Guid(8d9df80954a3c5440a46e451cbac5c6b) Importer(815301076,1909f56bfc062723c751e8b465ee728b)  -> (artifact id: '5ff7a2b523c1bec165210a1f1f160463') in 0.008995 seconds
Number of updated asset objects reloaded before import = 0
Number of asset objects unloaded after import = 28
========================================================================
Received Import Request.
  Time since last request: 36.967266 seconds.
  path: Assets/Database/Foods/tier1/tomorokoshi.asset
  artifactKey: Guid(b98fcf579ba2544cdbfee070abb5d473) Importer(815301076,1909f56bfc062723c751e8b465ee728b)
Start importing Assets/Database/Foods/tier1/tomorokoshi.asset using Guid(b98fcf579ba2544cdbfee070abb5d473) Importer(815301076,1909f56bfc062723c751e8b465ee728b)  -> (artifact id: '1fa5744eda8301c16d81ce55eef0c8f3') in 0.014581 seconds
Number of updated asset objects reloaded before import = 0
Number of asset objects unloaded after import = 30
========================================================================
Received Prepare
Begin MonoManager ReloadAssembly
Symbol file LoadedFromMemory doesn't match image C:\Users\PC_User\Desktop\Unity\BBQ\Library\PackageCache\com.unity.visualscripting@1.8.0\Editor\VisualScripting.Core\Dependencies\YamlDotNet\Unity.VisualScripting.YamlDotNet.dll
Symbol file LoadedFromMemory doesn't match image C:\Users\PC_User\Desktop\Unity\BBQ\Library\PackageCache\com.unity.visualscripting@1.8.0\Editor\VisualScripting.Core\Dependencies\DotNetZip\Unity.VisualScripting.IonicZip.dll
- Loaded All Assemblies, in  0.587 seconds
Refreshing native plugins compatible for Editor in 4.32 ms, found 4 plugins.
Native extension for WindowsStandalone target not found
Mono: successfully reloaded assembly
- Finished resetting the current domain, in  1.360 seconds
Domain Reload Profiling: 1945ms
	BeginReloadAssembly (106ms)
		ExecutionOrderSort (0ms)
		DisableScriptedObjects (7ms)
		BackupInstance (0ms)
		ReleaseScriptingObjects (0ms)
		CreateAndSetChildDomain (33ms)
	RebuildCommonClasses (19ms)
	RebuildNativeTypeToScriptingClass (6ms)
	initialDomainReloadingComplete (21ms)
	LoadAllAssembliesAndSetupDomain (432ms)
		LoadAssemblies (236ms)
		RebuildTransferFunctionScriptingTraits (0ms)
		AnalyzeDomain (230ms)
			TypeCache.Refresh (221ms)
				TypeCache.ScanAssembly (211ms)
			ScanForSourceGeneratedMonoScriptInfo (0ms)
			ResolveRequiredComponents (9ms)
	FinalizeReload (1360ms)
		ReleaseScriptCaches (0ms)
		RebuildScriptCaches (0ms)
		SetupLoadedEditorAssemblies (296ms)
			LogAssemblyErrors (0ms)
			InitializePlatformSupportModulesInManaged (4ms)
			SetLoadedEditorAssemblies (3ms)
			RefreshPlugins (0ms)
			BeforeProcessingInitializeOnLoad (59ms)
			ProcessInitializeOnLoadAttributes (169ms)
			ProcessInitializeOnLoadMethodAttributes (55ms)
			AfterProcessingInitializeOnLoad (6ms)
			EditorAssembliesLoaded (0ms)
		ExecutionOrderSort2 (0ms)
		AwakeInstancesAfterBackupRestoration (10ms)
Refreshing native plugins compatible for Editor in 3.87 ms, found 4 plugins.
Preloading 0 native plugins for Editor in 0.00 ms.
Unloading 5766 Unused Serialized files (Serialized files now loaded: 0)
Unloading 88 unused Assets / (3.3 MB). Loaded Objects now: 6321.
Memory consumption went from 203.7 MB to 200.4 MB.
Total: 3.370700 ms (FindLiveObjects: 0.250800 ms CreateObjectMapping: 0.093500 ms MarkObjects: 2.113300 ms  DeleteObjects: 0.912400 ms)

Prepare: number of updated asset objects reloaded= 0
AssetImportParameters requested are different than current active one (requested -> active):
  custom:scripting/monoscript/fileName/HandCountView.cs: c30a42fab830b1ccf9c9e242d141269e -> e6f22a36db519545687f3c3d0853dfe7
  custom:container-demuxer-ogg: 62fdf1f143b41e24485cea50d1cbac27 -> 
  custom:video-codec-MediaFoundation-h265: 746d11721c4dcdbdad8f713fa42b33f4 -> 
  custom:video-decoder-ogg-theora: a1e56fd34408186e4bbccfd4996cb3dc -> 
  custom:framework-win-MediaFoundation: 216162199b28c13a410421893ffa2e32 -> 
  custom:CustomObjectIndexerAttribute: a3ef5dd2817f97addfee359851a9dba5 -> 
  custom:container-demuxer-webm: 4f35f7cbe854078d1ac9338744f61a02 -> 
  custom:container-muxer-webm: aa71ff27fc2769a1b78a27578f13a17b -> 
  custom:video-decoder-webm-vp8: 9c59270c3fd7afecdb556c50c9e8de78 -> 
  custom:AudioImporter_EditorPlatform: d09bf68614088b80899f8185d706f6e7 -> 
  custom:scripting/monoscript/fileName/CoinView.cs: df4d9ca4abaf95fcae4d522d2c59df5b -> eee65f5499e352a8b2ec55906d3e48ff
  custom:video-encoder-webm-vp8: eb34c28f22e8b96e1ab97ce403110664 -> 
  custom:audio-decoder-ogg-vorbis: bf7c407c2cedff20999df2af8eb42d56 -> 
  custom:scripting/monoscript/fileName/HandCount.cs: 5b7e4fb89c2f896b99bef51bf166d76f -> 5307b711da75aeca6d1a1103a0fcaff9
  custom:scripting/monoscript/fileName/FreezeEffect.cs: 194c11e7a64912a7e1945349cdd1a2db -> f3616f4fa86d1316bf21fb304f5bf1a3
  custom:audio-encoder-webm-vorbis: bf7c407c2cedff20999df2af8eb42d56 -> 
  custom:scripting/monoscript/fileName/Coin.cs: c52f57681c62402c1884046776543584 -> f5dcf6bc3f6cc23e0580c2172539a73d
========================================================================
Received Prepare
Begin MonoManager ReloadAssembly
Symbol file LoadedFromMemory doesn't match image C:\Users\PC_User\Desktop\Unity\BBQ\Library\PackageCache\com.unity.visualscripting@1.8.0\Editor\VisualScripting.Core\Dependencies\YamlDotNet\Unity.VisualScripting.YamlDotNet.dll
Symbol file LoadedFromMemory doesn't match image C:\Users\PC_User\Desktop\Unity\BBQ\Library\PackageCache\com.unity.visualscripting@1.8.0\Editor\VisualScripting.Core\Dependencies\DotNetZip\Unity.VisualScripting.IonicZip.dll
- Loaded All Assemblies, in  0.510 seconds
Refreshing native plugins compatible for Editor in 3.80 ms, found 4 plugins.
Native extension for WindowsStandalone target not found
Mono: successfully reloaded assembly
- Finished resetting the current domain, in  0.764 seconds
Domain Reload Profiling: 1271ms
	BeginReloadAssembly (101ms)
		ExecutionOrderSort (0ms)
		DisableScriptedObjects (6ms)
		BackupInstance (0ms)
		ReleaseScriptingObjects (0ms)
		CreateAndSetChildDomain (29ms)
	RebuildCommonClasses (19ms)
	RebuildNativeTypeToScriptingClass (6ms)
	initialDomainReloadingComplete (20ms)
	LoadAllAssembliesAndSetupDomain (361ms)
		LoadAssemblies (208ms)
		RebuildTransferFunctionScriptingTraits (0ms)
		AnalyzeDomain (187ms)
			TypeCache.Refresh (179ms)
				TypeCache.ScanAssembly (171ms)
			ScanForSourceGeneratedMonoScriptInfo (0ms)
			ResolveRequiredComponents (7ms)
	FinalizeReload (765ms)
		ReleaseScriptCaches (0ms)
		RebuildScriptCaches (0ms)
		SetupLoadedEditorAssemblies (324ms)
			LogAssemblyErrors (0ms)
			InitializePlatformSupportModulesInManaged (4ms)
			SetLoadedEditorAssemblies (3ms)
			RefreshPlugins (0ms)
			BeforeProcessingInitializeOnLoad (61ms)
			ProcessInitializeOnLoadAttributes (184ms)
			ProcessInitializeOnLoadMethodAttributes (65ms)
			AfterProcessingInitializeOnLoad (7ms)
			EditorAssembliesLoaded (0ms)
		ExecutionOrderSort2 (0ms)
		AwakeInstancesAfterBackupRestoration (11ms)
Refreshing native plugins compatible for Editor in 4.26 ms, found 4 plugins.
Preloading 0 native plugins for Editor in 0.00 ms.
Unloading 5766 Unused Serialized files (Serialized files now loaded: 0)
Unloading 88 unused Assets / (3.4 MB). Loaded Objects now: 6326.
Memory consumption went from 203.8 MB to 200.4 MB.
Total: 3.681600 ms (FindLiveObjects: 0.256000 ms CreateObjectMapping: 0.109000 ms MarkObjects: 2.307800 ms  DeleteObjects: 1.007800 ms)

Prepare: number of updated asset objects reloaded= 0
AssetImportParameters requested are different than current active one (requested -> active):
  custom:scripting/monoscript/fileName/HandCountView.cs: c30a42fab830b1ccf9c9e242d141269e -> e6f22a36db519545687f3c3d0853dfe7
  custom:container-demuxer-ogg: 62fdf1f143b41e24485cea50d1cbac27 -> 
  custom:video-codec-MediaFoundation-h265: 746d11721c4dcdbdad8f713fa42b33f4 -> 
  custom:video-decoder-ogg-theora: a1e56fd34408186e4bbccfd4996cb3dc -> 
  custom:framework-win-MediaFoundation: 216162199b28c13a410421893ffa2e32 -> 
  custom:CustomObjectIndexerAttribute: a3ef5dd2817f97addfee359851a9dba5 -> 
  custom:container-demuxer-webm: 4f35f7cbe854078d1ac9338744f61a02 -> 
  custom:container-muxer-webm: aa71ff27fc2769a1b78a27578f13a17b -> 
  custom:video-decoder-webm-vp8: 9c59270c3fd7afecdb556c50c9e8de78 -> 
  custom:AudioImporter_EditorPlatform: d09bf68614088b80899f8185d706f6e7 -> 
  custom:scripting/monoscript/fileName/CoinView.cs: df4d9ca4abaf95fcae4d522d2c59df5b -> eee65f5499e352a8b2ec55906d3e48ff
  custom:video-encoder-webm-vp8: eb34c28f22e8b96e1ab97ce403110664 -> 
  custom:audio-decoder-ogg-vorbis: bf7c407c2cedff20999df2af8eb42d56 -> 
  custom:scripting/monoscript/fileName/HandCount.cs: 5b7e4fb89c2f896b99bef51bf166d76f -> 5307b711da75aeca6d1a1103a0fcaff9
  custom:scripting/monoscript/fileName/FreezeEffect.cs: 194c11e7a64912a7e1945349cdd1a2db -> f3616f4fa86d1316bf21fb304f5bf1a3
  custom:audio-encoder-webm-vorbis: bf7c407c2cedff20999df2af8eb42d56 -> 
  custom:scripting/monoscript/fileName/Coin.cs: c52f57681c62402c1884046776543584 -> f5dcf6bc3f6cc23e0580c2172539a73d
========================================================================
Received Prepare
Begin MonoManager ReloadAssembly
Symbol file LoadedFromMemory doesn't match image C:\Users\PC_User\Desktop\Unity\BBQ\Library\PackageCache\com.unity.visualscripting@1.8.0\Editor\VisualScripting.Core\Dependencies\YamlDotNet\Unity.VisualScripting.YamlDotNet.dll
Symbol file LoadedFromMemory doesn't match image C:\Users\PC_User\Desktop\Unity\BBQ\Library\PackageCache\com.unity.visualscripting@1.8.0\Editor\VisualScripting.Core\Dependencies\DotNetZip\Unity.VisualScripting.IonicZip.dll
- Loaded All Assemblies, in  0.508 seconds
Refreshing native plugins compatible for Editor in 3.53 ms, found 4 plugins.
Native extension for WindowsStandalone target not found
Mono: successfully reloaded assembly
- Finished resetting the current domain, in  0.650 seconds
Domain Reload Profiling: 1155ms
	BeginReloadAssembly (104ms)
		ExecutionOrderSort (0ms)
		DisableScriptedObjects (7ms)
		BackupInstance (0ms)
		ReleaseScriptingObjects (0ms)
		CreateAndSetChildDomain (31ms)
	RebuildCommonClasses (18ms)
	RebuildNativeTypeToScriptingClass (7ms)
	initialDomainReloadingComplete (21ms)
	LoadAllAssembliesAndSetupDomain (355ms)
		LoadAssemblies (212ms)
		RebuildTransferFunctionScriptingTraits (0ms)
		AnalyzeDomain (179ms)
			TypeCache.Refresh (169ms)
				TypeCache.ScanAssembly (160ms)
			ScanForSourceGeneratedMonoScriptInfo (4ms)
			ResolveRequiredComponents (6ms)
	FinalizeReload (650ms)
		ReleaseScriptCaches (0ms)
		RebuildScriptCaches (0ms)
		SetupLoadedEditorAssemblies (249ms)
			LogAssemblyErrors (0ms)
			InitializePlatformSupportModulesInManaged (3ms)
			SetLoadedEditorAssemblies (4ms)
			RefreshPlugins (0ms)
			BeforeProcessingInitializeOnLoad (54ms)
			ProcessInitializeOnLoadAttributes (138ms)
			ProcessInitializeOnLoadMethodAttributes (45ms)
			AfterProcessingInitializeOnLoad (5ms)
			EditorAssembliesLoaded (0ms)
		ExecutionOrderSort2 (0ms)
		AwakeInstancesAfterBackupRestoration (8ms)
Refreshing native plugins compatible for Editor in 3.41 ms, found 4 plugins.
Preloading 0 native plugins for Editor in 0.00 ms.
Unloading 5766 Unused Serialized files (Serialized files now loaded: 0)
Unloading 88 unused Assets / (3.4 MB). Loaded Objects now: 6331.
Memory consumption went from 203.7 MB to 200.4 MB.
Total: 3.332900 ms (FindLiveObjects: 0.255800 ms CreateObjectMapping: 0.097700 ms MarkObjects: 2.045000 ms  DeleteObjects: 0.933400 ms)

Prepare: number of updated asset objects reloaded= 0
AssetImportParameters requested are different than current active one (requested -> active):
  custom:scripting/monoscript/fileName/HandCountView.cs: c30a42fab830b1ccf9c9e242d141269e -> e6f22a36db519545687f3c3d0853dfe7
  custom:container-demuxer-ogg: 62fdf1f143b41e24485cea50d1cbac27 -> 
  custom:video-codec-MediaFoundation-h265: 746d11721c4dcdbdad8f713fa42b33f4 -> 
  custom:video-decoder-ogg-theora: a1e56fd34408186e4bbccfd4996cb3dc -> 
  custom:framework-win-MediaFoundation: 216162199b28c13a410421893ffa2e32 -> 
  custom:CustomObjectIndexerAttribute: a3ef5dd2817f97addfee359851a9dba5 -> 
  custom:container-demuxer-webm: 4f35f7cbe854078d1ac9338744f61a02 -> 
  custom:container-muxer-webm: aa71ff27fc2769a1b78a27578f13a17b -> 
  custom:video-decoder-webm-vp8: 9c59270c3fd7afecdb556c50c9e8de78 -> 
  custom:AudioImporter_EditorPlatform: d09bf68614088b80899f8185d706f6e7 -> 
  custom:scripting/monoscript/fileName/CoinView.cs: df4d9ca4abaf95fcae4d522d2c59df5b -> eee65f5499e352a8b2ec55906d3e48ff
  custom:video-encoder-webm-vp8: eb34c28f22e8b96e1ab97ce403110664 -> 
  custom:audio-decoder-ogg-vorbis: bf7c407c2cedff20999df2af8eb42d56 -> 
  custom:scripting/monoscript/fileName/HandCount.cs: 5b7e4fb89c2f896b99bef51bf166d76f -> 5307b711da75aeca6d1a1103a0fcaff9
  custom:scripting/monoscript/fileName/FreezeEffect.cs: 194c11e7a64912a7e1945349cdd1a2db -> f3616f4fa86d1316bf21fb304f5bf1a3
  custom:audio-encoder-webm-vorbis: bf7c407c2cedff20999df2af8eb42d56 -> 
  custom:scripting/monoscript/fileName/Coin.cs: c52f57681c62402c1884046776543584 -> f5dcf6bc3f6cc23e0580c2172539a73d
========================================================================
Received Import Request.
  Time since last request: 160.683767 seconds.
  path: Assets/Database/Foods/tier1/tomorokoshi.asset
  artifactKey: Guid(b98fcf579ba2544cdbfee070abb5d473) Importer(815301076,1909f56bfc062723c751e8b465ee728b)
Start importing Assets/Database/Foods/tier1/tomorokoshi.asset using Guid(b98fcf579ba2544cdbfee070abb5d473) Importer(815301076,1909f56bfc062723c751e8b465ee728b)  -> (artifact id: 'a5469e92bf0bd36aaf20c0cb15eb55f8') in 0.023120 seconds
Number of updated asset objects reloaded before import = 0
Number of asset objects unloaded after import = 22
