Using pre-set license
Built from '2022.3/release' branch; Version is '2022.3.5f1 (9674261d40ee) revision 9860134'; Using compiler version '192829333'; Build Type 'Release'
OS: 'Windows 11  (10.0.22621) 64bit Core' Language: 'ja' Physical Memory: 16197 MB
BatchMode: 1, IsHumanControllingUs: 0, StartBugReporterOnCrash: 0, Is64bit: 1, IsPro: 1

COMMAND LINE ARGUMENTS:
C:\Program Files\Unity\Hub\Editor\2022.3.5f1-x86_64\Editor\Unity.exe
-adb2
-batchMode
-noUpm
-name
AssetImportWorker5
-projectPath
C:/Users/PC_User/Desktop/Unity/BBQ
-logFile
Logs/AssetImportWorker5.log
-srvPort
63446
Successfully changed project path to: C:/Users/PC_User/Desktop/Unity/BBQ
C:/Users/PC_User/Desktop/Unity/BBQ
[UnityMemory] Configuration Parameters - Can be set up in boot.config
    "memorysetup-bucket-allocator-granularity=16"
    "memorysetup-bucket-allocator-bucket-count=8"
    "memorysetup-bucket-allocator-block-size=33554432"
    "memorysetup-bucket-allocator-block-count=8"
    "memorysetup-main-allocator-block-size=16777216"
    "memorysetup-thread-allocator-block-size=16777216"
    "memorysetup-gfx-main-allocator-block-size=16777216"
    "memorysetup-gfx-thread-allocator-block-size=16777216"
    "memorysetup-cache-allocator-block-size=4194304"
    "memorysetup-typetree-allocator-block-size=2097152"
    "memorysetup-profiler-bucket-allocator-granularity=16"
    "memorysetup-profiler-bucket-allocator-bucket-count=8"
    "memorysetup-profiler-bucket-allocator-block-size=33554432"
    "memorysetup-profiler-bucket-allocator-block-count=8"
    "memorysetup-profiler-allocator-block-size=16777216"
    "memorysetup-profiler-editor-allocator-block-size=1048576"
    "memorysetup-temp-allocator-size-main=16777216"
    "memorysetup-job-temp-allocator-block-size=2097152"
    "memorysetup-job-temp-allocator-block-size-background=1048576"
    "memorysetup-job-temp-allocator-reduction-small-platforms=262144"
    "memorysetup-allocator-temp-initial-block-size-main=262144"
    "memorysetup-allocator-temp-initial-block-size-worker=262144"
    "memorysetup-temp-allocator-size-background-worker=32768"
    "memorysetup-temp-allocator-size-job-worker=262144"
    "memorysetup-temp-allocator-size-preload-manager=33554432"
    "memorysetup-temp-allocator-size-nav-mesh-worker=65536"
    "memorysetup-temp-allocator-size-audio-worker=65536"
    "memorysetup-temp-allocator-size-cloud-worker=32768"
    "memorysetup-temp-allocator-size-gi-baking-worker=262144"
    "memorysetup-temp-allocator-size-gfx=262144"
Player connection [53388] Host "[IP] 192.168.10.111 [Port] 0 [Flags] 2 [Guid] 3316869672 [EditorId] 3316869672 [Version] 1048832 [Id] WindowsEditor(7,DESKTOP-3BV50CP) [Debug] 1 [PackageName] WindowsEditor [ProjectName] Editor" joined multi-casting on [225.0.0.222:54997]...

Player connection [53388] Host "[IP] 192.168.10.111 [Port] 0 [Flags] 2 [Guid] 3316869672 [EditorId] 3316869672 [Version] 1048832 [Id] WindowsEditor(7,DESKTOP-3BV50CP) [Debug] 1 [PackageName] WindowsEditor [ProjectName] Editor" joined alternative multi-casting on [225.0.0.222:34997]...

Refreshing native plugins compatible for Editor in 21.10 ms, found 4 plugins.
Preloading 0 native plugins for Editor in 0.00 ms.
Initialize engine version: 2022.3.5f1 (9674261d40ee)
[Subsystems] Discovering subsystems at path C:/Program Files/Unity/Hub/Editor/2022.3.5f1-x86_64/Editor/Data/Resources/UnitySubsystems
[Subsystems] Discovering subsystems at path C:/Users/PC_User/Desktop/Unity/BBQ/Assets
GfxDevice: creating device client; threaded=0; jobified=0
Direct3D:
    Version:  Direct3D 11.0 [level 11.1]
    Renderer: NVIDIA GeForce RTX 3060 Ti (ID=0x24c9)
    Vendor:   NVIDIA
    VRAM:     8038 MB
    Driver:   31.0.15.2824
Initialize mono
Mono path[0] = 'C:/Program Files/Unity/Hub/Editor/2022.3.5f1-x86_64/Editor/Data/Managed'
Mono path[1] = 'C:/Program Files/Unity/Hub/Editor/2022.3.5f1-x86_64/Editor/Data/MonoBleedingEdge/lib/mono/unityjit-win32'
Mono config path = 'C:/Program Files/Unity/Hub/Editor/2022.3.5f1-x86_64/Editor/Data/MonoBleedingEdge/etc'
Using monoOptions --debugger-agent=transport=dt_socket,embedding=1,server=y,suspend=n,address=127.0.0.1:56024
Begin MonoManager ReloadAssembly
Registering precompiled unity dll's ...
Register platform support module: C:/Program Files/Unity/Hub/Editor/2022.3.5f1-x86_64/Editor/Data/PlaybackEngines/WebGLSupport/UnityEditor.WebGL.Extensions.dll
Register platform support module: C:/Program Files/Unity/Hub/Editor/2022.3.5f1-x86_64/Editor/Data/PlaybackEngines/WindowsStandaloneSupport/UnityEditor.WindowsStandalone.Extensions.dll
Registered in 0.009661 seconds.
- Loaded All Assemblies, in  0.342 seconds
Native extension for WindowsStandalone target not found
Native extension for WebGL target not found
Mono: successfully reloaded assembly
- Finished resetting the current domain, in  0.246 seconds
Domain Reload Profiling: 585ms
	BeginReloadAssembly (96ms)
		ExecutionOrderSort (0ms)
		DisableScriptedObjects (0ms)
		BackupInstance (0ms)
		ReleaseScriptingObjects (0ms)
		CreateAndSetChildDomain (1ms)
	RebuildCommonClasses (26ms)
	RebuildNativeTypeToScriptingClass (8ms)
	initialDomainReloadingComplete (66ms)
	LoadAllAssembliesAndSetupDomain (142ms)
		LoadAssemblies (94ms)
		RebuildTransferFunctionScriptingTraits (0ms)
		AnalyzeDomain (134ms)
			TypeCache.Refresh (134ms)
				TypeCache.ScanAssembly (118ms)
			ScanForSourceGeneratedMonoScriptInfo (0ms)
			ResolveRequiredComponents (0ms)
	FinalizeReload (246ms)
		ReleaseScriptCaches (0ms)
		RebuildScriptCaches (0ms)
		SetupLoadedEditorAssemblies (190ms)
			LogAssemblyErrors (0ms)
			InitializePlatformSupportModulesInManaged (11ms)
			SetLoadedEditorAssemblies (5ms)
			RefreshPlugins (0ms)
			BeforeProcessingInitializeOnLoad (2ms)
			ProcessInitializeOnLoadAttributes (128ms)
			ProcessInitializeOnLoadMethodAttributes (44ms)
			AfterProcessingInitializeOnLoad (0ms)
			EditorAssembliesLoaded (0ms)
		ExecutionOrderSort2 (0ms)
		AwakeInstancesAfterBackupRestoration (0ms)
========================================================================
Worker process is ready to serve import requests
Begin MonoManager ReloadAssembly
Symbol file LoadedFromMemory doesn't match image C:\Users\PC_User\Desktop\Unity\BBQ\Library\PackageCache\com.unity.visualscripting@1.8.0\Editor\VisualScripting.Core\Dependencies\YamlDotNet\Unity.VisualScripting.YamlDotNet.dll
Symbol file LoadedFromMemory doesn't match image C:\Users\PC_User\Desktop\Unity\BBQ\Library\PackageCache\com.unity.visualscripting@1.8.0\Editor\VisualScripting.Core\Dependencies\DotNetZip\Unity.VisualScripting.IonicZip.dll
- Loaded All Assemblies, in  0.976 seconds
Refreshing native plugins compatible for Editor in 6.07 ms, found 4 plugins.
Native extension for WindowsStandalone target not found
Native extension for WebGL target not found
Mono: successfully reloaded assembly
- Finished resetting the current domain, in  0.611 seconds
Domain Reload Profiling: 1582ms
	BeginReloadAssembly (133ms)
		ExecutionOrderSort (0ms)
		DisableScriptedObjects (5ms)
		BackupInstance (0ms)
		ReleaseScriptingObjects (0ms)
		CreateAndSetChildDomain (18ms)
	RebuildCommonClasses (25ms)
	RebuildNativeTypeToScriptingClass (9ms)
	initialDomainReloadingComplete (46ms)
	LoadAllAssembliesAndSetupDomain (758ms)
		LoadAssemblies (471ms)
		RebuildTransferFunctionScriptingTraits (0ms)
		AnalyzeDomain (347ms)
			TypeCache.Refresh (312ms)
				TypeCache.ScanAssembly (300ms)
			ScanForSourceGeneratedMonoScriptInfo (25ms)
			ResolveRequiredComponents (10ms)
	FinalizeReload (611ms)
		ReleaseScriptCaches (0ms)
		RebuildScriptCaches (0ms)
		SetupLoadedEditorAssemblies (452ms)
			LogAssemblyErrors (0ms)
			InitializePlatformSupportModulesInManaged (7ms)
			SetLoadedEditorAssemblies (5ms)
			RefreshPlugins (0ms)
			BeforeProcessingInitializeOnLoad (77ms)
			ProcessInitializeOnLoadAttributes (273ms)
			ProcessInitializeOnLoadMethodAttributes (82ms)
			AfterProcessingInitializeOnLoad (8ms)
			EditorAssembliesLoaded (0ms)
		ExecutionOrderSort2 (0ms)
		AwakeInstancesAfterBackupRestoration (6ms)
Launched and connected shader compiler UnityShaderCompiler.exe after 0.06 seconds
Refreshing native plugins compatible for Editor in 8.84 ms, found 4 plugins.
Preloading 0 native plugins for Editor in 0.00 ms.
Unloading 5917 Unused Serialized files (Serialized files now loaded: 0)
Unloading 104 unused Assets / (0.6 MB). Loaded Objects now: 6374.
Memory consumption went from 224.2 MB to 223.6 MB.
Total: 5.408000 ms (FindLiveObjects: 0.695100 ms CreateObjectMapping: 0.203100 ms MarkObjects: 3.926500 ms  DeleteObjects: 0.580400 ms)

AssetImportParameters requested are different than current active one (requested -> active):
  custom:container-demuxer-ogg: 62fdf1f143b41e24485cea50d1cbac27 -> 
  custom:video-codec-MediaFoundation-h265: 746d11721c4dcdbdad8f713fa42b33f4 -> 
  custom:video-decoder-ogg-theora: a1e56fd34408186e4bbccfd4996cb3dc -> 
  custom:framework-win-MediaFoundation: 216162199b28c13a410421893ffa2e32 -> 
  custom:CustomObjectIndexerAttribute: a3ef5dd2817f97addfee359851a9dba5 -> 
  custom:container-demuxer-webm: 4f35f7cbe854078d1ac9338744f61a02 -> 
  custom:container-muxer-webm: aa71ff27fc2769a1b78a27578f13a17b -> 
  custom:video-decoder-webm-vp8: 9c59270c3fd7afecdb556c50c9e8de78 -> 
  custom:AudioImporter_EditorPlatform: d09bf68614088b80899f8185d706f6e7 -> 
  custom:scripting/monoscript/fileName/DOTweenAsyncExtensions.cs: 27d9dfb3a5b8df8cfa0708d3c513fe5c -> 
  custom:video-encoder-webm-vp8: eb34c28f22e8b96e1ab97ce403110664 -> 
  custom:audio-decoder-ogg-vorbis: bf7c407c2cedff20999df2af8eb42d56 -> 
  custom:audio-encoder-webm-vorbis: bf7c407c2cedff20999df2af8eb42d56 -> 
========================================================================
Received Import Request.
  Time since last request: 198239.277242 seconds.
  path: Assets/Images/Foods/kuri.png
  artifactKey: Guid(44b2b32afd6a14dd6a2026a99440a38e) Importer(815301076,1909f56bfc062723c751e8b465ee728b)
Start importing Assets/Images/Foods/kuri.png using Guid(44b2b32afd6a14dd6a2026a99440a38e) Importer(815301076,1909f56bfc062723c751e8b465ee728b)  -> (artifact id: '359554d88778475ea698aa05ba7c7d55') in 0.020688 seconds
Number of updated asset objects reloaded before import = 0
Number of asset objects unloaded after import = 2
========================================================================
Received Import Request.
  Time since last request: 0.000021 seconds.
  path: Assets/Images/Foods/masyu.png
  artifactKey: Guid(4f2c0719d694b4de694447e4de9f876a) Importer(815301076,1909f56bfc062723c751e8b465ee728b)
Start importing Assets/Images/Foods/masyu.png using Guid(4f2c0719d694b4de694447e4de9f876a) Importer(815301076,1909f56bfc062723c751e8b465ee728b)  -> (artifact id: '4cf619dc6555e3ecce59f71829e766c1') in 0.002109 seconds
Number of updated asset objects reloaded before import = 0
Number of asset objects unloaded after import = 2
========================================================================
Received Import Request.
  Time since last request: 2341.202895 seconds.
  path: Assets/Images/UI/bagicon.png
  artifactKey: Guid(e17fdbfe2dab42b408fcce91a3fa4728) Importer(815301076,1909f56bfc062723c751e8b465ee728b)
Start importing Assets/Images/UI/bagicon.png using Guid(e17fdbfe2dab42b408fcce91a3fa4728) Importer(815301076,1909f56bfc062723c751e8b465ee728b)  -> (artifact id: '4bc338c39200dc68d3aee4a0c37f390c') in 0.002824 seconds
Number of updated asset objects reloaded before import = 0
Number of asset objects unloaded after import = 2
========================================================================
Received Import Request.
  Time since last request: 0.007796 seconds.
  path: Assets/Images/UI/carbon.png
  artifactKey: Guid(f0bc0664d5162964988fa96e7e0eec66) Importer(815301076,1909f56bfc062723c751e8b465ee728b)
Start importing Assets/Images/UI/carbon.png using Guid(f0bc0664d5162964988fa96e7e0eec66) Importer(815301076,1909f56bfc062723c751e8b465ee728b)  -> (artifact id: 'adecbbf919168898d3b7cd3b6faaf803') in 0.001607 seconds
Number of updated asset objects reloaded before import = 0
Number of asset objects unloaded after import = 2
========================================================================
Received Import Request.
  Time since last request: 0.006027 seconds.
  path: Assets/Images/UI/check.png
  artifactKey: Guid(fcd268add6b5016469ea689556233ecd) Importer(815301076,1909f56bfc062723c751e8b465ee728b)
Start importing Assets/Images/UI/check.png using Guid(fcd268add6b5016469ea689556233ecd) Importer(815301076,1909f56bfc062723c751e8b465ee728b)  -> (artifact id: '2923059b83510e2c5a4b043b947d70c9') in 0.005545 seconds
Number of updated asset objects reloaded before import = 0
Number of asset objects unloaded after import = 2
========================================================================
Received Import Request.
  Time since last request: 0.009287 seconds.
  path: Assets/Images/UI/kessyo.png
  artifactKey: Guid(df8046f758e329641a87ee656a7b27fa) Importer(815301076,1909f56bfc062723c751e8b465ee728b)
Start importing Assets/Images/UI/kessyo.png using Guid(df8046f758e329641a87ee656a7b27fa) Importer(815301076,1909f56bfc062723c751e8b465ee728b)  -> (artifact id: '19c92e5ae8f55e35626ba9b1b92c9a04') in 0.002147 seconds
Number of updated asset objects reloaded before import = 0
Number of asset objects unloaded after import = 2
========================================================================
Received Import Request.
  Time since last request: 0.000015 seconds.
  path: Assets/Images/UI/laneB.png
  artifactKey: Guid(a1969e854c0e6d84488869f340fa4405) Importer(815301076,1909f56bfc062723c751e8b465ee728b)
Start importing Assets/Images/UI/laneB.png using Guid(a1969e854c0e6d84488869f340fa4405) Importer(815301076,1909f56bfc062723c751e8b465ee728b)  -> (artifact id: '2f37be3f9997d0f5faaa0a061a024bb7') in 0.001259 seconds
Number of updated asset objects reloaded before import = 0
Number of asset objects unloaded after import = 2
========================================================================
Received Import Request.
  Time since last request: 0.000013 seconds.
  path: Assets/Images/UI/coin.png
  artifactKey: Guid(fd14f5af06fc5834b97bb32b4bf63291) Importer(815301076,1909f56bfc062723c751e8b465ee728b)
Start importing Assets/Images/UI/coin.png using Guid(fd14f5af06fc5834b97bb32b4bf63291) Importer(815301076,1909f56bfc062723c751e8b465ee728b)  -> (artifact id: '4137ab29b383d73589c1f96217102438') in 0.001272 seconds
Number of updated asset objects reloaded before import = 0
Number of asset objects unloaded after import = 2
========================================================================
Received Import Request.
  Time since last request: 0.000011 seconds.
  path: Assets/Images/UI/CokkingBar.png
  artifactKey: Guid(5105f64dfb699a04d87f547ba8abf9ec) Importer(815301076,1909f56bfc062723c751e8b465ee728b)
Start importing Assets/Images/UI/CokkingBar.png using Guid(5105f64dfb699a04d87f547ba8abf9ec) Importer(815301076,1909f56bfc062723c751e8b465ee728b)  -> (artifact id: '9d134d47c416b4dd448408671bee3397') in 0.004209 seconds
Number of updated asset objects reloaded before import = 0
Number of asset objects unloaded after import = 2
========================================================================
Received Import Request.
  Time since last request: 0.067635 seconds.
  path: Assets/Images/UI/Life.png
  artifactKey: Guid(b56d76cc443763c4d92f7e2b36f1a4e4) Importer(815301076,1909f56bfc062723c751e8b465ee728b)
Start importing Assets/Images/UI/Life.png using Guid(b56d76cc443763c4d92f7e2b36f1a4e4) Importer(815301076,1909f56bfc062723c751e8b465ee728b)  -> (artifact id: 'e97b230e3aea18f1a5a37ba3e663c806') in 0.001791 seconds
Number of updated asset objects reloaded before import = 0
Number of asset objects unloaded after import = 2
========================================================================
Received Import Request.
  Time since last request: 0.000011 seconds.
  path: Assets/Images/UI/moon.png
  artifactKey: Guid(1aa6053362048684ea1acd2baab62bcf) Importer(815301076,1909f56bfc062723c751e8b465ee728b)
Start importing Assets/Images/UI/moon.png using Guid(1aa6053362048684ea1acd2baab62bcf) Importer(815301076,1909f56bfc062723c751e8b465ee728b)  -> (artifact id: '7f50ea56a41af42298bf01c65f6ae362') in 0.000964 seconds
Number of updated asset objects reloaded before import = 0
Number of asset objects unloaded after import = 2
========================================================================
Received Import Request.
  Time since last request: 0.004853 seconds.
  path: Assets/Images/UI/shadow.png
  artifactKey: Guid(47513f8dd6b59254a8b1a6eb6a641b85) Importer(815301076,1909f56bfc062723c751e8b465ee728b)
Start importing Assets/Images/UI/shadow.png using Guid(47513f8dd6b59254a8b1a6eb6a641b85) Importer(815301076,1909f56bfc062723c751e8b465ee728b)  -> (artifact id: '59337ae5db385600d7b5ae90b4015f29') in 0.003453 seconds
Number of updated asset objects reloaded before import = 0
Number of asset objects unloaded after import = 2
========================================================================
Received Import Request.
  Time since last request: 0.000010 seconds.
  path: Assets/Images/UI/paper.png
  artifactKey: Guid(aa443b1c5523c9247940a6d44077c9bd) Importer(815301076,1909f56bfc062723c751e8b465ee728b)
Start importing Assets/Images/UI/paper.png using Guid(aa443b1c5523c9247940a6d44077c9bd) Importer(815301076,1909f56bfc062723c751e8b465ee728b)  -> (artifact id: 'e7a30a86ad0a4454065a412153f4d44c') in 0.001020 seconds
Number of updated asset objects reloaded before import = 0
Number of asset objects unloaded after import = 2
========================================================================
Received Import Request.
  Time since last request: 0.000010 seconds.
  path: Assets/Images/UI/pointable.png
  artifactKey: Guid(90be1f7daa3178543a466e8acc10dba2) Importer(815301076,1909f56bfc062723c751e8b465ee728b)
Start importing Assets/Images/UI/pointable.png using Guid(90be1f7daa3178543a466e8acc10dba2) Importer(815301076,1909f56bfc062723c751e8b465ee728b)  -> (artifact id: '6bb03a2fdd2cedfdf0610e382b28602a') in 0.003449 seconds
Number of updated asset objects reloaded before import = 0
Number of asset objects unloaded after import = 2
========================================================================
Received Import Request.
  Time since last request: 0.000010 seconds.
  path: Assets/Images/UI/next.png
  artifactKey: Guid(8afb2c3e86a286a4d838633b5d527d65) Importer(815301076,1909f56bfc062723c751e8b465ee728b)
Start importing Assets/Images/UI/next.png using Guid(8afb2c3e86a286a4d838633b5d527d65) Importer(815301076,1909f56bfc062723c751e8b465ee728b)  -> (artifact id: '5575c6d1fb9449ca4b4168382898eb0c') in 0.003202 seconds
Number of updated asset objects reloaded before import = 0
Number of asset objects unloaded after import = 2
========================================================================
Received Import Request.
  Time since last request: 0.000014 seconds.
  path: Assets/Images/UI/missionStar.png
  artifactKey: Guid(bb915df87bcd1604db6644c8c6f4af4a) Importer(815301076,1909f56bfc062723c751e8b465ee728b)
Start importing Assets/Images/UI/missionStar.png using Guid(bb915df87bcd1604db6644c8c6f4af4a) Importer(815301076,1909f56bfc062723c751e8b465ee728b)  -> (artifact id: '7b8ba38bc2764da8916c3b6c398a30d2') in 0.001897 seconds
Number of updated asset objects reloaded before import = 0
Number of asset objects unloaded after import = 2
========================================================================
Received Import Request.
  Time since last request: 0.000014 seconds.
  path: Assets/Images/UI/sun.png
  artifactKey: Guid(cf35ea4bbd3610b41b2733ea0dbbb9ff) Importer(815301076,1909f56bfc062723c751e8b465ee728b)
Start importing Assets/Images/UI/sun.png using Guid(cf35ea4bbd3610b41b2733ea0dbbb9ff) Importer(815301076,1909f56bfc062723c751e8b465ee728b)  -> (artifact id: '9994cd3be2edf93c17ffc5cb1c6619ad') in 0.001296 seconds
Number of updated asset objects reloaded before import = 0
Number of asset objects unloaded after import = 2
========================================================================
Received Import Request.
  Time since last request: 0.000012 seconds.
  path: Assets/Images/UI/time.png
  artifactKey: Guid(30a17edacf7331448949d47bf1b7053a) Importer(815301076,1909f56bfc062723c751e8b465ee728b)
Start importing Assets/Images/UI/time.png using Guid(30a17edacf7331448949d47bf1b7053a) Importer(815301076,1909f56bfc062723c751e8b465ee728b)  -> (artifact id: 'b44a1d808df9f34957fff5500e5f8af1') in 0.002883 seconds
Number of updated asset objects reloaded before import = 0
Number of asset objects unloaded after import = 2
========================================================================
Received Import Request.
  Time since last request: 1.551398 seconds.
  path: Assets/Images/Foods/ayu.png
  artifactKey: Guid(b516d97bf60e74105b6c498e05b9772a) Importer(815301076,1909f56bfc062723c751e8b465ee728b)
Start importing Assets/Images/Foods/ayu.png using Guid(b516d97bf60e74105b6c498e05b9772a) Importer(815301076,1909f56bfc062723c751e8b465ee728b)  -> (artifact id: '958350d3be2a81ed0509320a79b6fbbc') in 0.004228 seconds
Number of updated asset objects reloaded before import = 0
Number of asset objects unloaded after import = 2
========================================================================
Received Import Request.
  Time since last request: 0.000011 seconds.
  path: Assets/Images/Foods/bebikon.png
  artifactKey: Guid(9e73a01c570224f7a8bcba2071dfd6cd) Importer(815301076,1909f56bfc062723c751e8b465ee728b)
Start importing Assets/Images/Foods/bebikon.png using Guid(9e73a01c570224f7a8bcba2071dfd6cd) Importer(815301076,1909f56bfc062723c751e8b465ee728b)  -> (artifact id: '612b66775c47d34b6c1670ad237f96be') in 0.003228 seconds
Number of updated asset objects reloaded before import = 0
Number of asset objects unloaded after import = 2
========================================================================
Received Import Request.
  Time since last request: 0.000012 seconds.
  path: Assets/Images/Foods/banana.png
  artifactKey: Guid(7a1c8fa60632244d08281cbb251815c3) Importer(815301076,1909f56bfc062723c751e8b465ee728b)
Start importing Assets/Images/Foods/banana.png using Guid(7a1c8fa60632244d08281cbb251815c3) Importer(815301076,1909f56bfc062723c751e8b465ee728b)  -> (artifact id: '08a51a3cc8a0245070c62aa160fef0fc') in 0.002958 seconds
Number of updated asset objects reloaded before import = 0
Number of asset objects unloaded after import = 2
========================================================================
Received Import Request.
  Time since last request: 0.000013 seconds.
  path: Assets/Images/Foods/conbu.png
  artifactKey: Guid(9ae756a04a83e3f46b1fcc375a6901ca) Importer(815301076,1909f56bfc062723c751e8b465ee728b)
Start importing Assets/Images/Foods/conbu.png using Guid(9ae756a04a83e3f46b1fcc375a6901ca) Importer(815301076,1909f56bfc062723c751e8b465ee728b)  -> (artifact id: '4955d54861be31a71251101aaf6e1ac0') in 0.003966 seconds
Number of updated asset objects reloaded before import = 0
Number of asset objects unloaded after import = 2
========================================================================
Received Import Request.
  Time since last request: 0.000013 seconds.
  path: Assets/Images/Foods/bata.png
  artifactKey: Guid(0fae03adc0668834793095876c5dd6a7) Importer(815301076,1909f56bfc062723c751e8b465ee728b)
Start importing Assets/Images/Foods/bata.png using Guid(0fae03adc0668834793095876c5dd6a7) Importer(815301076,1909f56bfc062723c751e8b465ee728b)  -> (artifact id: '9ee41169a053e11b869fba393c2cd8e1') in 0.002975 seconds
Number of updated asset objects reloaded before import = 0
Number of asset objects unloaded after import = 2
========================================================================
Received Import Request.
  Time since last request: 0.137274 seconds.
  path: Assets/Images/Foods/masyumaro.png
  artifactKey: Guid(029686ebe22cc4cc8a6d0615898302fc) Importer(815301076,1909f56bfc062723c751e8b465ee728b)
Start importing Assets/Images/Foods/masyumaro.png using Guid(029686ebe22cc4cc8a6d0615898302fc) Importer(815301076,1909f56bfc062723c751e8b465ee728b)  -> (artifact id: '7b5c508bacff1172f54c02fc80c8e485') in 0.003418 seconds
Number of updated asset objects reloaded before import = 0
Number of asset objects unloaded after import = 2
========================================================================
Received Import Request.
  Time since last request: 0.000013 seconds.
  path: Assets/Images/Foods/meron.png
  artifactKey: Guid(d7ec3d61a3f6fd6499046df184a55177) Importer(815301076,1909f56bfc062723c751e8b465ee728b)
Start importing Assets/Images/Foods/meron.png using Guid(d7ec3d61a3f6fd6499046df184a55177) Importer(815301076,1909f56bfc062723c751e8b465ee728b)  -> (artifact id: '52804be0ea28c980fc250a2be20debbf') in 0.003272 seconds
Number of updated asset objects reloaded before import = 0
Number of asset objects unloaded after import = 2
========================================================================
Received Import Request.
  Time since last request: 0.000012 seconds.
  path: Assets/Images/Foods/nameko.png
  artifactKey: Guid(654e1bf2c9392d64eaf4a044f9aa1163) Importer(815301076,1909f56bfc062723c751e8b465ee728b)
Start importing Assets/Images/Foods/nameko.png using Guid(654e1bf2c9392d64eaf4a044f9aa1163) Importer(815301076,1909f56bfc062723c751e8b465ee728b)  -> (artifact id: '02aaea4343d2319a7abe252b4eb5a8db') in 0.002908 seconds
Number of updated asset objects reloaded before import = 0
Number of asset objects unloaded after import = 2
========================================================================
Received Import Request.
  Time since last request: 0.067383 seconds.
  path: Assets/Images/Foods/pan.png
  artifactKey: Guid(7f73bff774eb24a6785dad119a89b525) Importer(815301076,1909f56bfc062723c751e8b465ee728b)
Start importing Assets/Images/Foods/pan.png using Guid(7f73bff774eb24a6785dad119a89b525) Importer(815301076,1909f56bfc062723c751e8b465ee728b)  -> (artifact id: 'df0c53b56d94d995270a4fdd30b3d4e1') in 0.004513 seconds
Number of updated asset objects reloaded before import = 0
Number of asset objects unloaded after import = 2
========================================================================
Received Import Request.
  Time since last request: 0.024869 seconds.
  path: Assets/Images/Foods/ringo.png
  artifactKey: Guid(201db10d853204c08819c8d9631af18b) Importer(815301076,1909f56bfc062723c751e8b465ee728b)
Start importing Assets/Images/Foods/ringo.png using Guid(201db10d853204c08819c8d9631af18b) Importer(815301076,1909f56bfc062723c751e8b465ee728b)  -> (artifact id: '208fa8c514cbe09bb73740f9e380fe20') in 0.003899 seconds
Number of updated asset objects reloaded before import = 0
Number of asset objects unloaded after import = 2
========================================================================
Received Import Request.
  Time since last request: 0.016358 seconds.
  path: Assets/Images/Foods/sitake.png
  artifactKey: Guid(f3006bb7bbbca43c5b46ef979e160499) Importer(815301076,1909f56bfc062723c751e8b465ee728b)
Start importing Assets/Images/Foods/sitake.png using Guid(f3006bb7bbbca43c5b46ef979e160499) Importer(815301076,1909f56bfc062723c751e8b465ee728b)  -> (artifact id: 'f80614975da0d052eb7912d1f1486ef6') in 0.001711 seconds
Number of updated asset objects reloaded before import = 0
Number of asset objects unloaded after import = 2
========================================================================
Received Import Request.
  Time since last request: 0.000011 seconds.
  path: Assets/Images/Foods/tamago.png
  artifactKey: Guid(67b2a1f60870546ed91b478d0aadbbd0) Importer(815301076,1909f56bfc062723c751e8b465ee728b)
Start importing Assets/Images/Foods/tamago.png using Guid(67b2a1f60870546ed91b478d0aadbbd0) Importer(815301076,1909f56bfc062723c751e8b465ee728b)  -> (artifact id: 'def0937be044f7fc1379b629edecda67') in 0.001686 seconds
Number of updated asset objects reloaded before import = 0
Number of asset objects unloaded after import = 2
========================================================================
Received Import Request.
  Time since last request: 0.000010 seconds.
  path: Assets/Images/Foods/suteki.png
  artifactKey: Guid(4fd462bd3cd154012a154ef7fa744fa5) Importer(815301076,1909f56bfc062723c751e8b465ee728b)
Start importing Assets/Images/Foods/suteki.png using Guid(4fd462bd3cd154012a154ef7fa744fa5) Importer(815301076,1909f56bfc062723c751e8b465ee728b)  -> (artifact id: '2591605b8d5e407537582f10fa509e20') in 0.001487 seconds
Number of updated asset objects reloaded before import = 0
Number of asset objects unloaded after import = 2
========================================================================
Received Import Request.
  Time since last request: 0.005272 seconds.
  path: Assets/Images/Foods/uchiwa.png
  artifactKey: Guid(dd2173931fbfa4d4fa27b8e5924e5658) Importer(815301076,1909f56bfc062723c751e8b465ee728b)
Start importing Assets/Images/Foods/uchiwa.png using Guid(dd2173931fbfa4d4fa27b8e5924e5658) Importer(815301076,1909f56bfc062723c751e8b465ee728b)  -> (artifact id: '5a65c5a272127f4f94eb364a372e9aeb') in 0.001310 seconds
Number of updated asset objects reloaded before import = 0
Number of asset objects unloaded after import = 2
========================================================================
Received Prepare
Begin MonoManager ReloadAssembly
Symbol file LoadedFromMemory doesn't match image C:\Users\PC_User\Desktop\Unity\BBQ\Library\PackageCache\com.unity.visualscripting@1.8.0\Editor\VisualScripting.Core\Dependencies\YamlDotNet\Unity.VisualScripting.YamlDotNet.dll
Symbol file LoadedFromMemory doesn't match image C:\Users\PC_User\Desktop\Unity\BBQ\Library\PackageCache\com.unity.visualscripting@1.8.0\Editor\VisualScripting.Core\Dependencies\DotNetZip\Unity.VisualScripting.IonicZip.dll
- Loaded All Assemblies, in  1.164 seconds
Refreshing native plugins compatible for Editor in 4.51 ms, found 4 plugins.
Native extension for WindowsStandalone target not found
Native extension for WebGL target not found
Mono: successfully reloaded assembly
- Finished resetting the current domain, in  2.010 seconds
Domain Reload Profiling: 3171ms
	BeginReloadAssembly (516ms)
		ExecutionOrderSort (0ms)
		DisableScriptedObjects (82ms)
		BackupInstance (0ms)
		ReleaseScriptingObjects (1ms)
		CreateAndSetChildDomain (259ms)
	RebuildCommonClasses (19ms)
	RebuildNativeTypeToScriptingClass (7ms)
	initialDomainReloadingComplete (25ms)
	LoadAllAssembliesAndSetupDomain (594ms)
		LoadAssemblies (385ms)
		RebuildTransferFunctionScriptingTraits (0ms)
		AnalyzeDomain (277ms)
			TypeCache.Refresh (269ms)
				TypeCache.ScanAssembly (222ms)
			ScanForSourceGeneratedMonoScriptInfo (0ms)
			ResolveRequiredComponents (9ms)
	FinalizeReload (2010ms)
		ReleaseScriptCaches (0ms)
		RebuildScriptCaches (0ms)
		SetupLoadedEditorAssemblies (322ms)
			LogAssemblyErrors (0ms)
			InitializePlatformSupportModulesInManaged (7ms)
			SetLoadedEditorAssemblies (5ms)
			RefreshPlugins (0ms)
			BeforeProcessingInitializeOnLoad (63ms)
			ProcessInitializeOnLoadAttributes (183ms)
			ProcessInitializeOnLoadMethodAttributes (59ms)
			AfterProcessingInitializeOnLoad (6ms)
			EditorAssembliesLoaded (0ms)
		ExecutionOrderSort2 (0ms)
		AwakeInstancesAfterBackupRestoration (10ms)
Refreshing native plugins compatible for Editor in 4.05 ms, found 4 plugins.
Preloading 0 native plugins for Editor in 0.00 ms.
Unloading 5774 Unused Serialized files (Serialized files now loaded: 0)
Unloading 62 unused Assets / (0.5 MB). Loaded Objects now: 6381.
Memory consumption went from 200.0 MB to 199.5 MB.
Total: 4.774500 ms (FindLiveObjects: 0.270900 ms CreateObjectMapping: 0.096000 ms MarkObjects: 4.135500 ms  DeleteObjects: 0.271100 ms)

Prepare: number of updated asset objects reloaded= 0
AssetImportParameters requested are different than current active one (requested -> active):
  custom:container-demuxer-ogg: 62fdf1f143b41e24485cea50d1cbac27 -> 
  custom:video-codec-MediaFoundation-h265: 746d11721c4dcdbdad8f713fa42b33f4 -> 
  custom:video-decoder-ogg-theora: a1e56fd34408186e4bbccfd4996cb3dc -> 
  custom:framework-win-MediaFoundation: 216162199b28c13a410421893ffa2e32 -> 
  custom:CustomObjectIndexerAttribute: a3ef5dd2817f97addfee359851a9dba5 -> 
  custom:container-demuxer-webm: 4f35f7cbe854078d1ac9338744f61a02 -> 
  custom:container-muxer-webm: aa71ff27fc2769a1b78a27578f13a17b -> 
  custom:video-decoder-webm-vp8: 9c59270c3fd7afecdb556c50c9e8de78 -> 
  custom:AudioImporter_EditorPlatform: d09bf68614088b80899f8185d706f6e7 -> 
  custom:scripting/monoscript/fileName/DOTweenAsyncExtensions.cs: 27d9dfb3a5b8df8cfa0708d3c513fe5c -> 
  custom:video-encoder-webm-vp8: eb34c28f22e8b96e1ab97ce403110664 -> 
  custom:audio-decoder-ogg-vorbis: bf7c407c2cedff20999df2af8eb42d56 -> 
  custom:audio-encoder-webm-vorbis: bf7c407c2cedff20999df2af8eb42d56 -> 
========================================================================
Received Prepare
Begin MonoManager ReloadAssembly
Symbol file LoadedFromMemory doesn't match image C:\Users\PC_User\Desktop\Unity\BBQ\Library\PackageCache\com.unity.visualscripting@1.8.0\Editor\VisualScripting.Core\Dependencies\YamlDotNet\Unity.VisualScripting.YamlDotNet.dll
Symbol file LoadedFromMemory doesn't match image C:\Users\PC_User\Desktop\Unity\BBQ\Library\PackageCache\com.unity.visualscripting@1.8.0\Editor\VisualScripting.Core\Dependencies\DotNetZip\Unity.VisualScripting.IonicZip.dll
- Loaded All Assemblies, in  1.002 seconds
Refreshing native plugins compatible for Editor in 3.90 ms, found 4 plugins.
Native extension for WindowsStandalone target not found
Native extension for WebGL target not found
Mono: successfully reloaded assembly
- Finished resetting the current domain, in  1.911 seconds
Domain Reload Profiling: 2910ms
	BeginReloadAssembly (372ms)
		ExecutionOrderSort (0ms)
		DisableScriptedObjects (42ms)
		BackupInstance (0ms)
		ReleaseScriptingObjects (0ms)
		CreateAndSetChildDomain (188ms)
	RebuildCommonClasses (23ms)
	RebuildNativeTypeToScriptingClass (7ms)
	initialDomainReloadingComplete (27ms)
	LoadAllAssembliesAndSetupDomain (571ms)
		LoadAssemblies (361ms)
		RebuildTransferFunctionScriptingTraits (0ms)
		AnalyzeDomain (281ms)
			TypeCache.Refresh (264ms)
				TypeCache.ScanAssembly (228ms)
			ScanForSourceGeneratedMonoScriptInfo (9ms)
			ResolveRequiredComponents (8ms)
	FinalizeReload (1911ms)
		ReleaseScriptCaches (0ms)
		RebuildScriptCaches (0ms)
		SetupLoadedEditorAssemblies (299ms)
			LogAssemblyErrors (0ms)
			InitializePlatformSupportModulesInManaged (6ms)
			SetLoadedEditorAssemblies (4ms)
			RefreshPlugins (0ms)
			BeforeProcessingInitializeOnLoad (63ms)
			ProcessInitializeOnLoadAttributes (164ms)
			ProcessInitializeOnLoadMethodAttributes (55ms)
			AfterProcessingInitializeOnLoad (6ms)
			EditorAssembliesLoaded (0ms)
		ExecutionOrderSort2 (0ms)
		AwakeInstancesAfterBackupRestoration (10ms)
Refreshing native plugins compatible for Editor in 6.65 ms, found 4 plugins.
Preloading 0 native plugins for Editor in 0.00 ms.
Unloading 5774 Unused Serialized files (Serialized files now loaded: 0)
Unloading 62 unused Assets / (0.5 MB). Loaded Objects now: 6386.
Memory consumption went from 200.0 MB to 199.5 MB.
Total: 4.126500 ms (FindLiveObjects: 0.541300 ms CreateObjectMapping: 0.174300 ms MarkObjects: 3.143600 ms  DeleteObjects: 0.266500 ms)

Prepare: number of updated asset objects reloaded= 0
AssetImportParameters requested are different than current active one (requested -> active):
  custom:container-demuxer-ogg: 62fdf1f143b41e24485cea50d1cbac27 -> 
  custom:video-codec-MediaFoundation-h265: 746d11721c4dcdbdad8f713fa42b33f4 -> 
  custom:video-decoder-ogg-theora: a1e56fd34408186e4bbccfd4996cb3dc -> 
  custom:framework-win-MediaFoundation: 216162199b28c13a410421893ffa2e32 -> 
  custom:CustomObjectIndexerAttribute: a3ef5dd2817f97addfee359851a9dba5 -> 
  custom:container-demuxer-webm: 4f35f7cbe854078d1ac9338744f61a02 -> 
  custom:container-muxer-webm: aa71ff27fc2769a1b78a27578f13a17b -> 
  custom:video-decoder-webm-vp8: 9c59270c3fd7afecdb556c50c9e8de78 -> 
  custom:AudioImporter_EditorPlatform: d09bf68614088b80899f8185d706f6e7 -> 
  custom:scripting/monoscript/fileName/DOTweenAsyncExtensions.cs: 27d9dfb3a5b8df8cfa0708d3c513fe5c -> 
  custom:video-encoder-webm-vp8: eb34c28f22e8b96e1ab97ce403110664 -> 
  custom:audio-decoder-ogg-vorbis: bf7c407c2cedff20999df2af8eb42d56 -> 
  custom:audio-encoder-webm-vorbis: bf7c407c2cedff20999df2af8eb42d56 -> 
========================================================================
Received Prepare
Begin MonoManager ReloadAssembly
Symbol file LoadedFromMemory doesn't match image C:\Users\PC_User\Desktop\Unity\BBQ\Library\PackageCache\com.unity.visualscripting@1.8.0\Editor\VisualScripting.Core\Dependencies\YamlDotNet\Unity.VisualScripting.YamlDotNet.dll
Symbol file LoadedFromMemory doesn't match image C:\Users\PC_User\Desktop\Unity\BBQ\Library\PackageCache\com.unity.visualscripting@1.8.0\Editor\VisualScripting.Core\Dependencies\DotNetZip\Unity.VisualScripting.IonicZip.dll
- Loaded All Assemblies, in  0.657 seconds
Refreshing native plugins compatible for Editor in 4.20 ms, found 4 plugins.
Native extension for WindowsStandalone target not found
Native extension for WebGL target not found
Mono: successfully reloaded assembly
- Finished resetting the current domain, in  0.973 seconds
Domain Reload Profiling: 1625ms
	BeginReloadAssembly (112ms)
		ExecutionOrderSort (0ms)
		DisableScriptedObjects (7ms)
		BackupInstance (0ms)
		ReleaseScriptingObjects (0ms)
		CreateAndSetChildDomain (29ms)
	RebuildCommonClasses (22ms)
	RebuildNativeTypeToScriptingClass (8ms)
	initialDomainReloadingComplete (24ms)
	LoadAllAssembliesAndSetupDomain (486ms)
		LoadAssemblies (285ms)
		RebuildTransferFunctionScriptingTraits (0ms)
		AnalyzeDomain (242ms)
			TypeCache.Refresh (234ms)
				TypeCache.ScanAssembly (225ms)
			ScanForSourceGeneratedMonoScriptInfo (0ms)
			ResolveRequiredComponents (8ms)
	FinalizeReload (973ms)
		ReleaseScriptCaches (0ms)
		RebuildScriptCaches (0ms)
		SetupLoadedEditorAssemblies (346ms)
			LogAssemblyErrors (0ms)
			InitializePlatformSupportModulesInManaged (6ms)
			SetLoadedEditorAssemblies (4ms)
			RefreshPlugins (0ms)
			BeforeProcessingInitializeOnLoad (74ms)
			ProcessInitializeOnLoadAttributes (192ms)
			ProcessInitializeOnLoadMethodAttributes (63ms)
			AfterProcessingInitializeOnLoad (7ms)
			EditorAssembliesLoaded (0ms)
		ExecutionOrderSort2 (0ms)
		AwakeInstancesAfterBackupRestoration (11ms)
Refreshing native plugins compatible for Editor in 4.68 ms, found 4 plugins.
Preloading 0 native plugins for Editor in 0.00 ms.
Unloading 5774 Unused Serialized files (Serialized files now loaded: 0)
Unloading 62 unused Assets / (0.5 MB). Loaded Objects now: 6391.
Memory consumption went from 200.1 MB to 199.5 MB.
Total: 3.140400 ms (FindLiveObjects: 0.274900 ms CreateObjectMapping: 0.108800 ms MarkObjects: 2.421100 ms  DeleteObjects: 0.334600 ms)

Prepare: number of updated asset objects reloaded= 0
AssetImportParameters requested are different than current active one (requested -> active):
  custom:container-demuxer-ogg: 62fdf1f143b41e24485cea50d1cbac27 -> 
  custom:video-codec-MediaFoundation-h265: 746d11721c4dcdbdad8f713fa42b33f4 -> 
  custom:video-decoder-ogg-theora: a1e56fd34408186e4bbccfd4996cb3dc -> 
  custom:framework-win-MediaFoundation: 216162199b28c13a410421893ffa2e32 -> 
  custom:CustomObjectIndexerAttribute: a3ef5dd2817f97addfee359851a9dba5 -> 
  custom:container-demuxer-webm: 4f35f7cbe854078d1ac9338744f61a02 -> 
  custom:container-muxer-webm: aa71ff27fc2769a1b78a27578f13a17b -> 
  custom:video-decoder-webm-vp8: 9c59270c3fd7afecdb556c50c9e8de78 -> 
  custom:AudioImporter_EditorPlatform: d09bf68614088b80899f8185d706f6e7 -> 
  custom:scripting/monoscript/fileName/DOTweenAsyncExtensions.cs: 27d9dfb3a5b8df8cfa0708d3c513fe5c -> 
  custom:video-encoder-webm-vp8: eb34c28f22e8b96e1ab97ce403110664 -> 
  custom:audio-decoder-ogg-vorbis: bf7c407c2cedff20999df2af8eb42d56 -> 
  custom:audio-encoder-webm-vorbis: bf7c407c2cedff20999df2af8eb42d56 -> 
========================================================================
Received Prepare
Begin MonoManager ReloadAssembly
Symbol file LoadedFromMemory doesn't match image C:\Users\PC_User\Desktop\Unity\BBQ\Library\PackageCache\com.unity.visualscripting@1.8.0\Editor\VisualScripting.Core\Dependencies\YamlDotNet\Unity.VisualScripting.YamlDotNet.dll
Symbol file LoadedFromMemory doesn't match image C:\Users\PC_User\Desktop\Unity\BBQ\Library\PackageCache\com.unity.visualscripting@1.8.0\Editor\VisualScripting.Core\Dependencies\DotNetZip\Unity.VisualScripting.IonicZip.dll
- Loaded All Assemblies, in  0.639 seconds
Refreshing native plugins compatible for Editor in 3.76 ms, found 4 plugins.
Native extension for WindowsStandalone target not found
Native extension for WebGL target not found
Mono: successfully reloaded assembly
- Finished resetting the current domain, in  1.402 seconds
Domain Reload Profiling: 2035ms
	BeginReloadAssembly (109ms)
		ExecutionOrderSort (0ms)
		DisableScriptedObjects (6ms)
		BackupInstance (0ms)
		ReleaseScriptingObjects (0ms)
		CreateAndSetChildDomain (29ms)
	RebuildCommonClasses (31ms)
	RebuildNativeTypeToScriptingClass (12ms)
	initialDomainReloadingComplete (29ms)
	LoadAllAssembliesAndSetupDomain (452ms)
		LoadAssemblies (272ms)
		RebuildTransferFunctionScriptingTraits (0ms)
		AnalyzeDomain (213ms)
			TypeCache.Refresh (200ms)
				TypeCache.ScanAssembly (190ms)
			ScanForSourceGeneratedMonoScriptInfo (5ms)
			ResolveRequiredComponents (8ms)
	FinalizeReload (1402ms)
		ReleaseScriptCaches (0ms)
		RebuildScriptCaches (0ms)
		SetupLoadedEditorAssemblies (250ms)
			LogAssemblyErrors (0ms)
			InitializePlatformSupportModulesInManaged (5ms)
			SetLoadedEditorAssemblies (4ms)
			RefreshPlugins (0ms)
			BeforeProcessingInitializeOnLoad (55ms)
			ProcessInitializeOnLoadAttributes (135ms)
			ProcessInitializeOnLoadMethodAttributes (45ms)
			AfterProcessingInitializeOnLoad (7ms)
			EditorAssembliesLoaded (0ms)
		ExecutionOrderSort2 (0ms)
		AwakeInstancesAfterBackupRestoration (10ms)
Refreshing native plugins compatible for Editor in 3.30 ms, found 4 plugins.
Preloading 0 native plugins for Editor in 0.00 ms.
Unloading 5774 Unused Serialized files (Serialized files now loaded: 0)
Unloading 62 unused Assets / (0.5 MB). Loaded Objects now: 6396.
Memory consumption went from 200.1 MB to 199.5 MB.
Total: 2.514100 ms (FindLiveObjects: 0.251200 ms CreateObjectMapping: 0.096400 ms MarkObjects: 1.944300 ms  DeleteObjects: 0.221500 ms)

Prepare: number of updated asset objects reloaded= 0
AssetImportParameters requested are different than current active one (requested -> active):
  custom:container-demuxer-ogg: 62fdf1f143b41e24485cea50d1cbac27 -> 
  custom:video-codec-MediaFoundation-h265: 746d11721c4dcdbdad8f713fa42b33f4 -> 
  custom:video-decoder-ogg-theora: a1e56fd34408186e4bbccfd4996cb3dc -> 
  custom:framework-win-MediaFoundation: 216162199b28c13a410421893ffa2e32 -> 
  custom:CustomObjectIndexerAttribute: a3ef5dd2817f97addfee359851a9dba5 -> 
  custom:container-demuxer-webm: 4f35f7cbe854078d1ac9338744f61a02 -> 
  custom:container-muxer-webm: aa71ff27fc2769a1b78a27578f13a17b -> 
  custom:video-decoder-webm-vp8: 9c59270c3fd7afecdb556c50c9e8de78 -> 
  custom:AudioImporter_EditorPlatform: d09bf68614088b80899f8185d706f6e7 -> 
  custom:scripting/monoscript/fileName/DOTweenAsyncExtensions.cs: 27d9dfb3a5b8df8cfa0708d3c513fe5c -> 
  custom:video-encoder-webm-vp8: eb34c28f22e8b96e1ab97ce403110664 -> 
  custom:audio-decoder-ogg-vorbis: bf7c407c2cedff20999df2af8eb42d56 -> 
  custom:audio-encoder-webm-vorbis: bf7c407c2cedff20999df2af8eb42d56 -> 
========================================================================
Received Import Request.
  Time since last request: 125772.366689 seconds.
  path: Assets/Sounds/mp3/SE/addHand.mp3
  artifactKey: Guid(ff7cbcbd93df2924fabb8ddf4c9e4f0c) Importer(815301076,1909f56bfc062723c751e8b465ee728b)
Start importing Assets/Sounds/mp3/SE/addHand.mp3 using Guid(ff7cbcbd93df2924fabb8ddf4c9e4f0c) Importer(815301076,1909f56bfc062723c751e8b465ee728b)  -> (artifact id: '1d6a39d8fb587a6d3f17ef5a95936b1e') in 0.124472 seconds
Number of updated asset objects reloaded before import = 0
Number of asset objects unloaded after import = 1
========================================================================
Received Import Request.
  Time since last request: 0.000020 seconds.
  path: Assets/Sounds/mp3/SE/missionClear.mp3
  artifactKey: Guid(a0d3d04c2efec1f4b8bac79161f00d67) Importer(815301076,1909f56bfc062723c751e8b465ee728b)
Start importing Assets/Sounds/mp3/SE/missionClear.mp3 using Guid(a0d3d04c2efec1f4b8bac79161f00d67) Importer(815301076,1909f56bfc062723c751e8b465ee728b)  -> (artifact id: '97495384c15ab376e785dff5707dd6dc') in 0.001780 seconds
Number of updated asset objects reloaded before import = 0
Number of asset objects unloaded after import = 1
========================================================================
Received Import Request.
  Time since last request: 0.000029 seconds.
  path: Assets/Sounds/mp3/SE/reset.mp3
  artifactKey: Guid(b51f731fee83b6d4aaa6e91d22b32e89) Importer(815301076,1909f56bfc062723c751e8b465ee728b)
Start importing Assets/Sounds/mp3/SE/reset.mp3 using Guid(b51f731fee83b6d4aaa6e91d22b32e89) Importer(815301076,1909f56bfc062723c751e8b465ee728b)  -> (artifact id: 'b2c15eef516255d2d308e383a2d527a3') in 0.001327 seconds
Number of updated asset objects reloaded before import = 0
Number of asset objects unloaded after import = 1
========================================================================
Received Import Request.
  Time since last request: 0.000021 seconds.
  path: Assets/Sounds/mp3/SE/morning.mp3
  artifactKey: Guid(e20d42f6608c0804db74fe5d4baf6997) Importer(815301076,1909f56bfc062723c751e8b465ee728b)
Start importing Assets/Sounds/mp3/SE/morning.mp3 using Guid(e20d42f6608c0804db74fe5d4baf6997) Importer(815301076,1909f56bfc062723c751e8b465ee728b)  -> (artifact id: '3268468d1fbe821caf60dc2a839dbd3a') in 0.001473 seconds
Number of updated asset objects reloaded before import = 0
Number of asset objects unloaded after import = 1
========================================================================
Received Import Request.
  Time since last request: 0.000017 seconds.
  path: Assets/Sounds/mp3/SE/laneSpeed.mp3
  artifactKey: Guid(403dd2b3994147f4380ed337ccfa0be3) Importer(815301076,1909f56bfc062723c751e8b465ee728b)
Start importing Assets/Sounds/mp3/SE/laneSpeed.mp3 using Guid(403dd2b3994147f4380ed337ccfa0be3) Importer(815301076,1909f56bfc062723c751e8b465ee728b)  -> (artifact id: '967a74c90b4c5cacb21c832784839e01') in 0.001633 seconds
Number of updated asset objects reloaded before import = 0
Number of asset objects unloaded after import = 1
========================================================================
Received Import Request.
  Time since last request: 0.000010 seconds.
  path: Assets/Sounds/mp3/SE/missionFailed.mp3
  artifactKey: Guid(53cd24fd38e12ef4cb58dbbcc805f49e) Importer(815301076,1909f56bfc062723c751e8b465ee728b)
Start importing Assets/Sounds/mp3/SE/missionFailed.mp3 using Guid(53cd24fd38e12ef4cb58dbbcc805f49e) Importer(815301076,1909f56bfc062723c751e8b465ee728b)  -> (artifact id: '4b157c6db7c15547ab368d8b45ea82d6') in 0.001147 seconds
Number of updated asset objects reloaded before import = 0
Number of asset objects unloaded after import = 1
========================================================================
Received Import Request.
  Time since last request: 0.000014 seconds.
  path: Assets/Sounds/mp3/SE/reroll1.mp3
  artifactKey: Guid(6f606574d8f98484e925e4c859f656d4) Importer(815301076,1909f56bfc062723c751e8b465ee728b)
Start importing Assets/Sounds/mp3/SE/reroll1.mp3 using Guid(6f606574d8f98484e925e4c859f656d4) Importer(815301076,1909f56bfc062723c751e8b465ee728b)  -> (artifact id: 'a1445083df83a50f07bffb4f06ceaccb') in 0.001367 seconds
Number of updated asset objects reloaded before import = 0
Number of asset objects unloaded after import = 1
========================================================================
Received Import Request.
  Time since last request: 0.000015 seconds.
  path: Assets/Sounds/mp3/SE/hit2-1.mp3
  artifactKey: Guid(f242506815ebaad4182959ee1bc57d8c) Importer(815301076,1909f56bfc062723c751e8b465ee728b)
Start importing Assets/Sounds/mp3/SE/hit2-1.mp3 using Guid(f242506815ebaad4182959ee1bc57d8c) Importer(815301076,1909f56bfc062723c751e8b465ee728b)  -> (artifact id: 'c57358970e8362c64423bdfc836a1c28') in 0.001255 seconds
Number of updated asset objects reloaded before import = 0
Number of asset objects unloaded after import = 1
========================================================================
Received Import Request.
  Time since last request: 0.000012 seconds.
  path: Assets/Sounds/mp3/SE/nohit.mp3
  artifactKey: Guid(5bc32e822466417478f3740b517f2c9a) Importer(815301076,1909f56bfc062723c751e8b465ee728b)
Start importing Assets/Sounds/mp3/SE/nohit.mp3 using Guid(5bc32e822466417478f3740b517f2c9a) Importer(815301076,1909f56bfc062723c751e8b465ee728b)  -> (artifact id: '4f508b02604fa31cfddc97e945f9e419') in 0.001194 seconds
Number of updated asset objects reloaded before import = 0
Number of asset objects unloaded after import = 1
========================================================================
Received Import Request.
  Time since last request: 0.000013 seconds.
  path: Assets/Sounds/mp3/SE/removeEffect.mp3
  artifactKey: Guid(7e837ab046db971439ab8f9fe6facd31) Importer(815301076,1909f56bfc062723c751e8b465ee728b)
Start importing Assets/Sounds/mp3/SE/removeEffect.mp3 using Guid(7e837ab046db971439ab8f9fe6facd31) Importer(815301076,1909f56bfc062723c751e8b465ee728b)  -> (artifact id: '849f93d4b69bb42ddcf8fe8ab20364be') in 0.001493 seconds
Number of updated asset objects reloaded before import = 0
Number of asset objects unloaded after import = 1
========================================================================
Received Import Request.
  Time since last request: 0.000011 seconds.
  path: Assets/Sounds/mp3/SE/reroll2.mp3
  artifactKey: Guid(7286d2845bbc5f34493568616a7580df) Importer(815301076,1909f56bfc062723c751e8b465ee728b)
Start importing Assets/Sounds/mp3/SE/reroll2.mp3 using Guid(7286d2845bbc5f34493568616a7580df) Importer(815301076,1909f56bfc062723c751e8b465ee728b)  -> (artifact id: '29f3aa5e180dde5c433bb439cc565495') in 0.001117 seconds
Number of updated asset objects reloaded before import = 0
Number of asset objects unloaded after import = 1
Editor requested this worker to shutdown with reason: Scaling down because of idle timeout
TcpMessagingSession - receive error: operation aborted. errorcode: 995, details: XbhIAvP[VvAI/O ~B
AssetImportWorker is now disconnected from the server
Process exiting
Exiting without the bug reporter. Application will terminate with return code 0